mode: set
github.com/oliverandrich/den/document/base.go:21.21,23.2 1 1
github.com/oliverandrich/den/document/base.go:40.48,40.69 1 1
github.com/oliverandrich/den/document/base.go:43.41,43.62 1 1
github.com/oliverandrich/den/document/soft_base.go:13.36,15.2 1 1
github.com/oliverandrich/den/document/soft_base.go:25.52,25.73 1 1
github.com/oliverandrich/den/document/soft_base.go:28.45,28.66 1 1
github.com/oliverandrich/den/internal/reflect.go:36.62,37.41 1 1
github.com/oliverandrich/den/internal/reflect.go:37.41,39.3 1 1
github.com/oliverandrich/den/internal/reflect.go:40.2,40.12 1 0
github.com/oliverandrich/den/internal/reflect.go:44.50,46.29 2 1
github.com/oliverandrich/den/internal/reflect.go:46.29,47.22 1 1
github.com/oliverandrich/den/internal/reflect.go:47.22,49.4 1 1
github.com/oliverandrich/den/internal/reflect.go:51.2,51.15 1 1
github.com/oliverandrich/den/internal/reflect.go:55.49,57.29 2 1
github.com/oliverandrich/den/internal/reflect.go:57.29,58.23 1 1
github.com/oliverandrich/den/internal/reflect.go:58.23,60.4 1 1
github.com/oliverandrich/den/internal/reflect.go:62.2,62.15 1 1
github.com/oliverandrich/den/internal/reflect.go:67.41,69.15 2 1
github.com/oliverandrich/den/internal/reflect.go:69.15,71.3 1 1
github.com/oliverandrich/den/internal/reflect.go:72.2,72.47 1 1
github.com/oliverandrich/den/internal/reflect.go:72.47,73.34 1 1
github.com/oliverandrich/den/internal/reflect.go:74.16,75.21 1 1
github.com/oliverandrich/den/internal/reflect.go:76.17,77.22 1 1
github.com/oliverandrich/den/internal/reflect.go:78.14,79.19 1 1
github.com/oliverandrich/den/internal/reflect.go:82.2,82.13 1 1
github.com/oliverandrich/den/internal/reflect.go:87.42,88.29 1 1
github.com/oliverandrich/den/internal/reflect.go:88.29,90.3 1 1
github.com/oliverandrich/den/internal/reflect.go:91.2,92.13 2 1
github.com/oliverandrich/den/internal/reflect.go:97.45,99.2 1 1
github.com/oliverandrich/den/internal/reflect.go:103.57,104.33 1 1
github.com/oliverandrich/den/internal/reflect.go:104.33,106.3 1 0
github.com/oliverandrich/den/internal/reflect.go:108.2,117.32 3 1
github.com/oliverandrich/den/internal/reflect.go:117.32,119.3 1 1
github.com/oliverandrich/den/internal/reflect.go:121.2,121.18 1 1
github.com/oliverandrich/den/internal/reflect.go:126.73,127.30 1 1
github.com/oliverandrich/den/internal/reflect.go:127.30,131.61 3 1
github.com/oliverandrich/den/internal/reflect.go:131.61,133.12 2 1
github.com/oliverandrich/den/internal/reflect.go:137.3,139.17 3 1
github.com/oliverandrich/den/internal/reflect.go:139.17,141.4 1 1
github.com/oliverandrich/den/internal/reflect.go:143.3,159.59 6 1
github.com/oliverandrich/den/internal/reflect.go:159.59,161.4 1 1
github.com/oliverandrich/den/where/where.go:51.38,53.2 1 1
github.com/oliverandrich/den/where/where.go:55.48,57.2 1 1
github.com/oliverandrich/den/where/where.go:59.48,61.2 1 1
github.com/oliverandrich/den/where/where.go:63.48,65.2 1 1
github.com/oliverandrich/den/where/where.go:67.49,69.2 1 1
github.com/oliverandrich/den/where/where.go:71.48,73.2 1 1
github.com/oliverandrich/den/where/where.go:75.49,77.2 1 1
github.com/oliverandrich/den/where/where.go:79.52,81.2 1 1
github.com/oliverandrich/den/where/where.go:83.55,85.2 1 1
github.com/oliverandrich/den/where/where.go:87.42,89.2 1 1
github.com/oliverandrich/den/where/where.go:91.45,93.2 1 1
github.com/oliverandrich/den/where/where.go:95.54,97.2 1 1
github.com/oliverandrich/den/where/where.go:99.61,101.2 1 1
github.com/oliverandrich/den/where/where.go:103.61,105.2 1 1
github.com/oliverandrich/den/where/where.go:108.53,110.2 1 1
github.com/oliverandrich/den/where/where.go:113.49,115.2 1 1
github.com/oliverandrich/den/where/where.go:118.45,120.2 1 1
github.com/oliverandrich/den/where/where.go:123.44,125.2 1 1
github.com/oliverandrich/den/where/where.go:128.33,130.2 1 1
github.com/oliverandrich/den/where/where.go:140.45,140.63 1 1
github.com/oliverandrich/den/where/where.go:141.46,141.47 0 0
github.com/oliverandrich/den/where/where.go:144.40,144.55 1 1
github.com/oliverandrich/den/where/where.go:147.38,147.56 1 1
github.com/oliverandrich/den/where/where.go:150.41,150.60 1 1
github.com/oliverandrich/den/where/where.go:158.47,158.60 1 1
github.com/oliverandrich/den/where/where.go:159.48,159.49 0 0
github.com/oliverandrich/den/where/where.go:162.46,162.64 1 1
github.com/oliverandrich/den/where/where.go:165.53,165.76 1 1
github.com/oliverandrich/den/where/where.go:172.43,172.56 1 1
github.com/oliverandrich/den/where/where.go:173.44,173.45 0 0
github.com/oliverandrich/den/where/where.go:176.42,176.60 1 1
github.com/oliverandrich/den/validate/validate.go:25.33,27.29 2 1
github.com/oliverandrich/den/validate/validate.go:27.29,28.20 1 1
github.com/oliverandrich/den/validate/validate.go:28.20,30.4 1 1
github.com/oliverandrich/den/validate/validate.go:30.9,32.4 1 1
github.com/oliverandrich/den/validate/validate.go:34.2,34.58 1 1
github.com/oliverandrich/den/validate/validate.go:42.36,44.2 1 1
github.com/oliverandrich/den/validate/validate.go:49.34,51.26 2 1
github.com/oliverandrich/den/validate/validate.go:51.26,52.42 1 1
github.com/oliverandrich/den/validate/validate.go:52.42,54.4 1 1
github.com/oliverandrich/den/validate/validate.go:58.65,60.16 2 1
github.com/oliverandrich/den/validate/validate.go:60.16,62.3 1 1
github.com/oliverandrich/den/validate/validate.go:63.2,64.25 2 1
github.com/oliverandrich/den/validate/validate.go:64.25,66.3 1 1
github.com/oliverandrich/den/validate/validate.go:67.2,67.12 1 1
github.com/oliverandrich/den/validate/validate.go:70.59,72.24 2 1
github.com/oliverandrich/den/validate/validate.go:72.24,79.3 1 1
github.com/oliverandrich/den/validate/validate.go:80.2,80.32 1 1
github.com/oliverandrich/den/migrate/migrate.go:34.30,36.2 1 1
github.com/oliverandrich/den/migrate/migrate.go:40.58,45.47 2 1
github.com/oliverandrich/den/migrate/migrate.go:45.47,47.3 1 1
github.com/oliverandrich/den/migrate/migrate.go:51.62,53.16 2 1
github.com/oliverandrich/den/migrate/migrate.go:53.16,55.3 1 0
github.com/oliverandrich/den/migrate/migrate.go:57.2,57.33 1 1
github.com/oliverandrich/den/migrate/migrate.go:57.33,58.42 1 1
github.com/oliverandrich/den/migrate/migrate.go:58.42,59.12 1 1
github.com/oliverandrich/den/migrate/migrate.go:61.3,61.48 1 1
github.com/oliverandrich/den/migrate/migrate.go:61.48,63.4 1 1
github.com/oliverandrich/den/migrate/migrate.go:65.2,65.12 1 1
github.com/oliverandrich/den/migrate/migrate.go:69.65,71.16 2 1
github.com/oliverandrich/den/migrate/migrate.go:71.16,73.3 1 0
github.com/oliverandrich/den/migrate/migrate.go:75.2,75.33 1 1
github.com/oliverandrich/den/migrate/migrate.go:75.33,76.42 1 1
github.com/oliverandrich/den/migrate/migrate.go:76.42,77.12 1 1
github.com/oliverandrich/den/migrate/migrate.go:79.3,79.32 1 1
github.com/oliverandrich/den/migrate/migrate.go:81.2,81.12 1 1
github.com/oliverandrich/den/migrate/migrate.go:85.67,87.16 2 1
github.com/oliverandrich/den/migrate/migrate.go:87.16,89.3 1 0
github.com/oliverandrich/den/migrate/migrate.go:90.2,90.23 1 1
github.com/oliverandrich/den/migrate/migrate.go:90.23,92.3 1 1
github.com/oliverandrich/den/migrate/migrate.go:94.2,96.9 3 1
github.com/oliverandrich/den/migrate/migrate.go:96.9,98.3 1 0
github.com/oliverandrich/den/migrate/migrate.go:100.2,100.33 1 1
github.com/oliverandrich/den/migrate/migrate.go:100.33,102.3 1 1
github.com/oliverandrich/den/migrate/migrate.go:104.2,104.32 1 1
github.com/oliverandrich/den/migrate/migrate.go:108.64,110.16 2 1
github.com/oliverandrich/den/migrate/migrate.go:110.16,112.3 1 0
github.com/oliverandrich/den/migrate/migrate.go:114.2,114.41 1 1
github.com/oliverandrich/den/migrate/migrate.go:114.41,117.10 3 1
github.com/oliverandrich/den/migrate/migrate.go:117.10,119.4 1 0
github.com/oliverandrich/den/migrate/migrate.go:120.3,120.34 1 1
github.com/oliverandrich/den/migrate/migrate.go:120.34,122.4 1 1
github.com/oliverandrich/den/migrate/migrate.go:124.3,124.49 1 1
github.com/oliverandrich/den/migrate/migrate.go:124.49,126.4 1 1
github.com/oliverandrich/den/migrate/migrate.go:128.2,128.12 1 1
github.com/oliverandrich/den/migrate/migrate.go:131.79,132.62 1 1
github.com/oliverandrich/den/migrate/migrate.go:132.62,133.54 1 1
github.com/oliverandrich/den/migrate/migrate.go:133.54,135.4 1 1
github.com/oliverandrich/den/migrate/migrate.go:136.3,136.41 1 1
github.com/oliverandrich/den/migrate/migrate.go:140.81,141.62 1 1
github.com/oliverandrich/den/migrate/migrate.go:141.62,142.55 1 1
github.com/oliverandrich/den/migrate/migrate.go:142.55,144.4 1 1
github.com/oliverandrich/den/migrate/migrate.go:145.3,145.43 1 1
github.com/oliverandrich/den/migrate/migrate.go:149.79,150.30 1 1
github.com/oliverandrich/den/migrate/migrate.go:150.30,151.41 1 1
github.com/oliverandrich/den/migrate/migrate.go:151.41,153.4 1 1
github.com/oliverandrich/den/migrate/migrate.go:155.2,155.19 1 0
github.com/oliverandrich/den/migrate/migrate.go:166.66,168.2 1 1
github.com/oliverandrich/den/migrate/migrate.go:170.69,171.54 1 1
github.com/oliverandrich/den/migrate/migrate.go:171.54,173.3 1 0
github.com/oliverandrich/den/migrate/migrate.go:174.2,175.16 2 1
github.com/oliverandrich/den/migrate/migrate.go:175.16,176.38 1 1
github.com/oliverandrich/den/migrate/migrate.go:176.38,178.4 1 1
github.com/oliverandrich/den/migrate/migrate.go:179.3,179.18 1 0
github.com/oliverandrich/den/migrate/migrate.go:182.2,183.55 2 1
github.com/oliverandrich/den/migrate/migrate.go:183.55,185.3 1 0
github.com/oliverandrich/den/migrate/migrate.go:187.2,188.28 2 1
github.com/oliverandrich/den/migrate/migrate.go:188.28,190.3 1 1
github.com/oliverandrich/den/migrate/migrate.go:191.2,191.22 1 1
github.com/oliverandrich/den/migrate/migrate.go:197.71,199.16 2 1
github.com/oliverandrich/den/migrate/migrate.go:199.16,201.3 1 0
github.com/oliverandrich/den/migrate/migrate.go:203.2,208.37 2 1
github.com/oliverandrich/den/migrate/migrate.go:211.73,213.16 2 1
github.com/oliverandrich/den/migrate/migrate.go:213.16,215.3 1 0
github.com/oliverandrich/den/migrate/migrate.go:217.2,218.28 2 1
github.com/oliverandrich/den/migrate/migrate.go:218.28,219.27 1 1
github.com/oliverandrich/den/migrate/migrate.go:219.27,221.4 1 1
github.com/oliverandrich/den/migrate/migrate.go:224.2,224.38 1 1
github.com/oliverandrich/den/migrate/migrate.go:227.62,229.16 2 1
github.com/oliverandrich/den/migrate/migrate.go:229.16,230.38 1 1
github.com/oliverandrich/den/migrate/migrate.go:230.38,232.4 1 1
github.com/oliverandrich/den/migrate/migrate.go:233.3,233.18 1 0
github.com/oliverandrich/den/migrate/migrate.go:236.2,237.55 2 1
github.com/oliverandrich/den/migrate/migrate.go:237.55,239.3 1 0
github.com/oliverandrich/den/migrate/migrate.go:240.2,240.21 1 1
github.com/oliverandrich/den/migrate/migrate.go:243.66,245.16 2 1
github.com/oliverandrich/den/migrate/migrate.go:245.16,247.3 1 0
github.com/oliverandrich/den/migrate/migrate.go:248.2,248.57 1 1
github.com/oliverandrich/den/backend/sqlite/encoding.go:12.35,14.2 1 1
github.com/oliverandrich/den/backend/sqlite/encoding.go:16.53,18.2 1 1
github.com/oliverandrich/den/backend/sqlite/encoding.go:20.56,22.2 1 1
github.com/oliverandrich/den/backend/sqlite/fts.go:12.92,21.60 4 1
github.com/oliverandrich/den/backend/sqlite/fts.go:21.60,23.3 1 0
github.com/oliverandrich/den/backend/sqlite/fts.go:27.2,28.27 2 1
github.com/oliverandrich/den/backend/sqlite/fts.go:28.27,30.3 1 1
github.com/oliverandrich/den/backend/sqlite/fts.go:31.2,37.64 2 1
github.com/oliverandrich/den/backend/sqlite/fts.go:37.64,39.3 1 0
github.com/oliverandrich/den/backend/sqlite/fts.go:42.2,43.27 2 1
github.com/oliverandrich/den/backend/sqlite/fts.go:43.27,45.3 1 1
github.com/oliverandrich/den/backend/sqlite/fts.go:46.2,52.64 2 1
github.com/oliverandrich/den/backend/sqlite/fts.go:52.64,54.3 1 0
github.com/oliverandrich/den/backend/sqlite/fts.go:57.2,66.64 2 1
github.com/oliverandrich/den/backend/sqlite/fts.go:66.64,68.3 1 0
github.com/oliverandrich/den/backend/sqlite/fts.go:70.2,70.12 1 1
github.com/oliverandrich/den/backend/sqlite/fts.go:74.116,87.27 6 1
github.com/oliverandrich/den/backend/sqlite/fts.go:87.27,88.37 1 1
github.com/oliverandrich/den/backend/sqlite/fts.go:88.37,90.20 2 1
github.com/oliverandrich/den/backend/sqlite/fts.go:90.20,95.5 3 1
github.com/oliverandrich/den/backend/sqlite/fts.go:99.2,99.27 1 1
github.com/oliverandrich/den/backend/sqlite/fts.go:99.27,101.34 2 0
github.com/oliverandrich/den/backend/sqlite/fts.go:101.34,102.13 1 0
github.com/oliverandrich/den/backend/sqlite/fts.go:102.13,104.5 1 0
github.com/oliverandrich/den/backend/sqlite/fts.go:105.4,106.25 2 0
github.com/oliverandrich/den/backend/sqlite/fts.go:106.25,108.5 1 0
github.com/oliverandrich/den/backend/sqlite/fts.go:109.4,109.88 1 0
github.com/oliverandrich/den/backend/sqlite/fts.go:111.8,113.3 1 1
github.com/oliverandrich/den/backend/sqlite/fts.go:115.2,115.18 1 1
github.com/oliverandrich/den/backend/sqlite/fts.go:115.18,117.3 1 1
github.com/oliverandrich/den/backend/sqlite/fts.go:118.2,118.17 1 1
github.com/oliverandrich/den/backend/sqlite/fts.go:118.17,119.20 1 0
github.com/oliverandrich/den/backend/sqlite/fts.go:119.20,121.4 1 0
github.com/oliverandrich/den/backend/sqlite/fts.go:122.3,122.42 1 0
github.com/oliverandrich/den/backend/sqlite/fts.go:125.2,126.16 2 1
github.com/oliverandrich/den/backend/sqlite/fts.go:126.16,128.3 1 0
github.com/oliverandrich/den/backend/sqlite/fts.go:129.2,129.39 1 1
github.com/oliverandrich/den/backend/sqlite/schema.go:12.70,19.2 3 1
github.com/oliverandrich/den/backend/sqlite/schema.go:21.111,22.26 1 1
github.com/oliverandrich/den/backend/sqlite/schema.go:22.26,24.3 1 0
github.com/oliverandrich/den/backend/sqlite/schema.go:26.2,27.31 2 1
github.com/oliverandrich/den/backend/sqlite/schema.go:27.31,29.3 1 1
github.com/oliverandrich/den/backend/sqlite/schema.go:30.2,33.16 3 1
github.com/oliverandrich/den/backend/sqlite/schema.go:33.16,35.3 1 1
github.com/oliverandrich/den/backend/sqlite/schema.go:38.2,39.40 2 1
github.com/oliverandrich/den/backend/sqlite/schema.go:39.40,41.3 1 1
github.com/oliverandrich/den/backend/sqlite/schema.go:43.2,46.12 3 1
github.com/oliverandrich/den/backend/sqlite/sql.go:14.45,16.26 2 1
github.com/oliverandrich/den/backend/sqlite/sql.go:16.26,18.51 1 1
github.com/oliverandrich/den/backend/sqlite/sql.go:18.51,20.4 1 1
github.com/oliverandrich/den/backend/sqlite/sql.go:22.2,22.19 1 1
github.com/oliverandrich/den/backend/sqlite/sql.go:26.70,34.16 6 1
github.com/oliverandrich/den/backend/sqlite/sql.go:34.16,38.3 3 1
github.com/oliverandrich/den/backend/sqlite/sql.go:41.2,41.21 1 1
github.com/oliverandrich/den/backend/sqlite/sql.go:41.21,42.17 1 1
github.com/oliverandrich/den/backend/sqlite/sql.go:42.17,44.4 1 0
github.com/oliverandrich/den/backend/sqlite/sql.go:44.9,46.4 1 1
github.com/oliverandrich/den/backend/sqlite/sql.go:47.3,48.33 2 1
github.com/oliverandrich/den/backend/sqlite/sql.go:50.2,50.22 1 1
github.com/oliverandrich/den/backend/sqlite/sql.go:50.22,51.36 1 0
github.com/oliverandrich/den/backend/sqlite/sql.go:51.36,53.4 1 0
github.com/oliverandrich/den/backend/sqlite/sql.go:53.9,55.4 1 0
github.com/oliverandrich/den/backend/sqlite/sql.go:56.3,57.34 2 0
github.com/oliverandrich/den/backend/sqlite/sql.go:60.2,60.27 1 1
github.com/oliverandrich/den/backend/sqlite/sql.go:60.27,62.34 2 1
github.com/oliverandrich/den/backend/sqlite/sql.go:62.34,63.13 1 1
github.com/oliverandrich/den/backend/sqlite/sql.go:63.13,65.5 1 0
github.com/oliverandrich/den/backend/sqlite/sql.go:66.4,67.25 2 1
github.com/oliverandrich/den/backend/sqlite/sql.go:67.25,69.5 1 1
github.com/oliverandrich/den/backend/sqlite/sql.go:70.4,70.86 1 1
github.com/oliverandrich/den/backend/sqlite/sql.go:74.2,74.18 1 1
github.com/oliverandrich/den/backend/sqlite/sql.go:74.18,76.3 1 1
github.com/oliverandrich/den/backend/sqlite/sql.go:77.2,77.17 1 1
github.com/oliverandrich/den/backend/sqlite/sql.go:77.17,78.20 1 1
github.com/oliverandrich/den/backend/sqlite/sql.go:78.20,80.4 1 1
github.com/oliverandrich/den/backend/sqlite/sql.go:81.3,81.42 1 1
github.com/oliverandrich/den/backend/sqlite/sql.go:84.2,84.26 1 1
github.com/oliverandrich/den/backend/sqlite/sql.go:87.88,88.21 1 1
github.com/oliverandrich/den/backend/sqlite/sql.go:88.21,91.3 2 0
github.com/oliverandrich/den/backend/sqlite/sql.go:92.2,92.22 1 1
github.com/oliverandrich/den/backend/sqlite/sql.go:92.22,95.3 2 0
github.com/oliverandrich/den/backend/sqlite/sql.go:96.2,96.22 1 1
github.com/oliverandrich/den/backend/sqlite/sql.go:99.69,103.22 4 1
github.com/oliverandrich/den/backend/sqlite/sql.go:103.22,105.3 1 1
github.com/oliverandrich/den/backend/sqlite/sql.go:106.2,106.18 1 1
github.com/oliverandrich/den/backend/sqlite/sql.go:109.70,113.22 4 1
github.com/oliverandrich/den/backend/sqlite/sql.go:113.22,115.3 1 1
github.com/oliverandrich/den/backend/sqlite/sql.go:116.2,117.54 2 1
github.com/oliverandrich/den/backend/sqlite/sql.go:120.107,121.12 1 1
github.com/oliverandrich/den/backend/sqlite/sql.go:122.50,122.50 0 1
github.com/oliverandrich/den/backend/sqlite/sql.go:123.10,124.62 1 0
github.com/oliverandrich/den/backend/sqlite/sql.go:126.2,129.22 4 1
github.com/oliverandrich/den/backend/sqlite/sql.go:129.22,131.3 1 1
github.com/oliverandrich/den/backend/sqlite/sql.go:132.2,132.18 1 1
github.com/oliverandrich/den/backend/sqlite/sql.go:135.72,139.34 3 1
github.com/oliverandrich/den/backend/sqlite/sql.go:139.34,141.19 2 1
github.com/oliverandrich/den/backend/sqlite/sql.go:141.19,144.4 2 1
github.com/oliverandrich/den/backend/sqlite/sql.go:147.2,147.22 1 1
github.com/oliverandrich/den/backend/sqlite/sql.go:150.59,151.26 1 1
github.com/oliverandrich/den/backend/sqlite/sql.go:157.4,158.75 1 1
github.com/oliverandrich/den/backend/sqlite/sql.go:162.4,163.49 1 1
github.com/oliverandrich/den/backend/sqlite/sql.go:166.4,168.18 2 1
github.com/oliverandrich/den/backend/sqlite/sql.go:168.18,170.4 1 0
github.com/oliverandrich/den/backend/sqlite/sql.go:171.3,171.46 1 1
github.com/oliverandrich/den/backend/sqlite/sql.go:172.10,173.17 1 0
github.com/oliverandrich/den/backend/sqlite/sql.go:177.103,182.49 3 1
github.com/oliverandrich/den/backend/sqlite/sql.go:182.49,185.3 2 1
github.com/oliverandrich/den/backend/sqlite/sql.go:187.2,187.12 1 1
github.com/oliverandrich/den/backend/sqlite/sql.go:188.18,189.55 1 1
github.com/oliverandrich/den/backend/sqlite/sql.go:190.18,191.56 1 1
github.com/oliverandrich/den/backend/sqlite/sql.go:192.18,193.55 1 1
github.com/oliverandrich/den/backend/sqlite/sql.go:194.19,195.56 1 1
github.com/oliverandrich/den/backend/sqlite/sql.go:196.18,197.55 1 1
github.com/oliverandrich/den/backend/sqlite/sql.go:198.19,199.56 1 1
github.com/oliverandrich/den/backend/sqlite/sql.go:200.21,201.50 1 1
github.com/oliverandrich/den/backend/sqlite/sql.go:202.24,203.54 1 1
github.com/oliverandrich/den/backend/sqlite/sql.go:204.18,206.25 2 1
github.com/oliverandrich/den/backend/sqlite/sql.go:206.25,208.4 1 1
github.com/oliverandrich/den/backend/sqlite/sql.go:209.3,209.87 1 1
github.com/oliverandrich/den/backend/sqlite/sql.go:210.21,212.25 2 1
github.com/oliverandrich/den/backend/sqlite/sql.go:212.25,214.4 1 1
github.com/oliverandrich/den/backend/sqlite/sql.go:215.3,215.91 1 1
github.com/oliverandrich/den/backend/sqlite/sql.go:216.24,217.122 1 1
github.com/oliverandrich/den/backend/sqlite/sql.go:218.27,220.25 2 1
github.com/oliverandrich/den/backend/sqlite/sql.go:220.25,222.4 1 1
github.com/oliverandrich/den/backend/sqlite/sql.go:223.3,223.154 1 1
github.com/oliverandrich/den/backend/sqlite/sql.go:224.27,227.28 3 1
github.com/oliverandrich/den/backend/sqlite/sql.go:227.28,230.4 2 1
github.com/oliverandrich/den/backend/sqlite/sql.go:231.3,231.49 1 1
github.com/oliverandrich/den/backend/sqlite/sql.go:232.22,234.99 2 1
github.com/oliverandrich/den/backend/sqlite/sql.go:235.22,236.79 1 1
github.com/oliverandrich/den/backend/sqlite/sql.go:237.10,238.17 1 0
github.com/oliverandrich/den/backend/sqlite/sql.go:242.66,243.12 1 1
github.com/oliverandrich/den/backend/sqlite/sql.go:245.18,246.45 1 1
github.com/oliverandrich/den/backend/sqlite/sql.go:247.18,248.46 1 1
github.com/oliverandrich/den/backend/sqlite/sql.go:249.18,250.45 1 1
github.com/oliverandrich/den/backend/sqlite/sql.go:251.19,252.46 1 1
github.com/oliverandrich/den/backend/sqlite/sql.go:253.18,254.45 1 1
github.com/oliverandrich/den/backend/sqlite/sql.go:255.19,256.46 1 1
github.com/oliverandrich/den/backend/sqlite/sql.go:257.10,258.12 1 0
github.com/oliverandrich/den/backend/sqlite/sql.go:262.88,266.31 3 1
github.com/oliverandrich/den/backend/sqlite/sql.go:266.31,268.19 2 1
github.com/oliverandrich/den/backend/sqlite/sql.go:268.19,271.4 2 1
github.com/oliverandrich/den/backend/sqlite/sql.go:274.2,274.23 1 1
github.com/oliverandrich/den/backend/sqlite/sql.go:274.23,276.3 1 0
github.com/oliverandrich/den/backend/sqlite/sql.go:278.2,279.28 2 1
github.com/oliverandrich/den/backend/sqlite/sql.go:279.28,281.3 1 1
github.com/oliverandrich/den/backend/sqlite/sql.go:282.2,282.41 1 1
github.com/oliverandrich/den/backend/sqlite/sql.go:293.37,294.21 1 1
github.com/oliverandrich/den/backend/sqlite/sql.go:294.21,297.3 2 1
github.com/oliverandrich/den/backend/sqlite/sql.go:298.2,298.55 1 1
github.com/oliverandrich/den/backend/sqlite/sql.go:298.55,301.3 2 0
github.com/oliverandrich/den/backend/sqlite/sql.go:302.2,302.13 1 1
github.com/oliverandrich/den/backend/sqlite/sql.go:305.40,305.58 1 1
github.com/oliverandrich/den/backend/sqlite/sql.go:306.40,306.56 1 1
github.com/oliverandrich/den/backend/sqlite/sql.go:307.40,307.57 1 1
github.com/oliverandrich/den/backend/sqlite/sql.go:309.39,311.2 1 1
github.com/oliverandrich/den/backend/sqlite/sqlite.go:24.13,25.124 1 1
github.com/oliverandrich/den/backend/sqlite/sqlite.go:25.124,28.19 3 1
github.com/oliverandrich/den/backend/sqlite/sqlite.go:28.19,30.4 1 0
github.com/oliverandrich/den/backend/sqlite/sqlite.go:31.3,32.17 2 1
github.com/oliverandrich/den/backend/sqlite/sqlite.go:32.17,34.4 1 0
github.com/oliverandrich/den/backend/sqlite/sqlite.go:35.3,35.28 1 1
github.com/oliverandrich/den/backend/sqlite/sqlite.go:35.28,37.4 1 1
github.com/oliverandrich/den/backend/sqlite/sqlite.go:38.3,38.23 1 1
github.com/oliverandrich/den/backend/sqlite/sqlite.go:42.65,46.47 3 1
github.com/oliverandrich/den/backend/sqlite/sqlite.go:46.47,48.3 1 1
github.com/oliverandrich/den/backend/sqlite/sqlite.go:50.2,51.16 2 1
github.com/oliverandrich/den/backend/sqlite/sqlite.go:51.16,53.3 1 0
github.com/oliverandrich/den/backend/sqlite/sqlite.go:55.2,55.51 1 1
github.com/oliverandrich/den/backend/sqlite/sqlite.go:55.51,58.3 1 0
github.com/oliverandrich/den/backend/sqlite/sqlite.go:60.2,61.16 2 1
github.com/oliverandrich/den/backend/sqlite/sqlite.go:76.45,79.16 3 1
github.com/oliverandrich/den/backend/sqlite/sqlite.go:79.16,81.3 1 0
github.com/oliverandrich/den/backend/sqlite/sqlite.go:82.2,82.30 1 1
github.com/oliverandrich/den/backend/sqlite/sqlite.go:85.41,87.2 1 1
github.com/oliverandrich/den/backend/sqlite/sqlite.go:89.86,90.43 1 1
github.com/oliverandrich/den/backend/sqlite/sqlite.go:90.43,93.3 2 1
github.com/oliverandrich/den/backend/sqlite/sqlite.go:95.2,98.16 4 1
github.com/oliverandrich/den/backend/sqlite/sqlite.go:98.16,100.3 1 0
github.com/oliverandrich/den/backend/sqlite/sqlite.go:101.2,102.16 2 1
github.com/oliverandrich/den/backend/sqlite/sqlite.go:102.16,105.3 2 0
github.com/oliverandrich/den/backend/sqlite/sqlite.go:106.2,107.16 2 1
github.com/oliverandrich/den/backend/sqlite/sqlite.go:107.16,111.3 3 0
github.com/oliverandrich/den/backend/sqlite/sqlite.go:113.2,113.68 1 1
github.com/oliverandrich/den/backend/sqlite/sqlite.go:113.68,119.3 5 0
github.com/oliverandrich/den/backend/sqlite/sqlite.go:120.2,120.17 1 1
github.com/oliverandrich/den/backend/sqlite/sqlite.go:123.83,125.16 2 1
github.com/oliverandrich/den/backend/sqlite/sqlite.go:125.16,127.3 1 0
github.com/oliverandrich/den/backend/sqlite/sqlite.go:128.2,130.16 3 1
github.com/oliverandrich/den/backend/sqlite/sqlite.go:130.16,131.36 1 1
github.com/oliverandrich/den/backend/sqlite/sqlite.go:131.36,133.4 1 1
github.com/oliverandrich/den/backend/sqlite/sqlite.go:134.3,134.18 1 1
github.com/oliverandrich/den/backend/sqlite/sqlite.go:136.2,136.18 1 1
github.com/oliverandrich/den/backend/sqlite/sqlite.go:139.86,141.16 2 1
github.com/oliverandrich/den/backend/sqlite/sqlite.go:141.16,143.3 1 0
github.com/oliverandrich/den/backend/sqlite/sqlite.go:144.2,145.28 2 1
github.com/oliverandrich/den/backend/sqlite/sqlite.go:148.76,150.16 2 1
github.com/oliverandrich/den/backend/sqlite/sqlite.go:150.16,152.3 1 0
github.com/oliverandrich/den/backend/sqlite/sqlite.go:153.2,154.12 2 1
github.com/oliverandrich/den/backend/sqlite/sqlite.go:157.101,160.16 3 1
github.com/oliverandrich/den/backend/sqlite/sqlite.go:160.16,162.3 1 0
github.com/oliverandrich/den/backend/sqlite/sqlite.go:163.2,163.39 1 1
github.com/oliverandrich/den/backend/sqlite/sqlite.go:166.94,171.2 4 1
github.com/oliverandrich/den/backend/sqlite/sqlite.go:173.94,178.2 4 1
github.com/oliverandrich/den/backend/sqlite/sqlite.go:180.135,185.2 4 1
github.com/oliverandrich/den/backend/sqlite/sqlite.go:187.102,189.2 1 1
github.com/oliverandrich/den/backend/sqlite/sqlite.go:191.79,194.2 2 1
github.com/oliverandrich/den/backend/sqlite/sqlite.go:196.98,198.2 1 1
github.com/oliverandrich/den/backend/sqlite/sqlite.go:200.74,203.2 2 1
github.com/oliverandrich/den/backend/sqlite/sqlite.go:205.79,207.16 2 1
github.com/oliverandrich/den/backend/sqlite/sqlite.go:207.16,209.3 1 0
github.com/oliverandrich/den/backend/sqlite/sqlite.go:210.2,210.45 1 1
github.com/oliverandrich/den/backend/sqlite/sqlite.go:213.51,215.2 1 1
github.com/oliverandrich/den/backend/sqlite/sqlite.go:217.33,218.36 1 1
github.com/oliverandrich/den/backend/sqlite/sqlite.go:218.36,224.3 5 1
github.com/oliverandrich/den/backend/sqlite/sqlite.go:225.2,225.21 1 1
github.com/oliverandrich/den/backend/sqlite/sqlite.go:228.38,229.16 1 1
github.com/oliverandrich/den/backend/sqlite/sqlite.go:229.16,231.3 1 1
github.com/oliverandrich/den/backend/sqlite/sqlite.go:232.2,233.60 2 1
github.com/oliverandrich/den/backend/sqlite/sqlite.go:233.60,235.3 1 1
github.com/oliverandrich/den/backend/sqlite/sqlite.go:236.2,236.12 1 0
github.com/oliverandrich/den/backend/sqlite/transaction.go:17.87,22.16 3 1
github.com/oliverandrich/den/backend/sqlite/transaction.go:22.16,23.36 1 1
github.com/oliverandrich/den/backend/sqlite/transaction.go:23.36,25.4 1 1
github.com/oliverandrich/den/backend/sqlite/transaction.go:26.3,26.18 1 0
github.com/oliverandrich/den/backend/sqlite/transaction.go:28.2,28.18 1 1
github.com/oliverandrich/den/backend/sqlite/transaction.go:31.90,37.2 2 1
github.com/oliverandrich/den/backend/sqlite/transaction.go:39.80,44.2 2 1
github.com/oliverandrich/den/backend/sqlite/transaction.go:46.105,49.16 3 1
github.com/oliverandrich/den/backend/sqlite/transaction.go:49.16,51.3 1 0
github.com/oliverandrich/den/backend/sqlite/transaction.go:52.2,52.39 1 1
github.com/oliverandrich/den/backend/sqlite/transaction.go:55.98,60.2 4 1
github.com/oliverandrich/den/backend/sqlite/transaction.go:62.98,67.2 4 1
github.com/oliverandrich/den/backend/sqlite/transaction.go:69.139,74.2 4 1
github.com/oliverandrich/den/backend/sqlite/transaction.go:76.38,78.2 1 1
github.com/oliverandrich/den/backend/sqlite/transaction.go:80.40,82.2 1 1
github.com/oliverandrich/den/backend/postgres/encoding.go:12.35,14.2 1 1
github.com/oliverandrich/den/backend/postgres/encoding.go:16.53,18.2 1 1
github.com/oliverandrich/den/backend/postgres/encoding.go:20.56,22.2 1 1
github.com/oliverandrich/den/backend/postgres/fts.go:12.92,15.27 2 1
github.com/oliverandrich/den/backend/postgres/fts.go:15.27,17.3 1 1
github.com/oliverandrich/den/backend/postgres/fts.go:18.2,25.54 3 1
github.com/oliverandrich/den/backend/postgres/fts.go:25.54,27.3 1 0
github.com/oliverandrich/den/backend/postgres/fts.go:30.2,34.54 2 1
github.com/oliverandrich/den/backend/postgres/fts.go:34.54,36.3 1 0
github.com/oliverandrich/den/backend/postgres/fts.go:38.2,38.12 1 1
github.com/oliverandrich/den/backend/postgres/fts.go:42.116,55.27 7 1
github.com/oliverandrich/den/backend/postgres/fts.go:55.27,56.37 1 0
github.com/oliverandrich/den/backend/postgres/fts.go:56.37,58.20 2 0
github.com/oliverandrich/den/backend/postgres/fts.go:58.20,63.5 4 0
github.com/oliverandrich/den/backend/postgres/fts.go:67.2,67.27 1 1
github.com/oliverandrich/den/backend/postgres/fts.go:67.27,69.34 2 0
github.com/oliverandrich/den/backend/postgres/fts.go:69.34,70.13 1 0
github.com/oliverandrich/den/backend/postgres/fts.go:70.13,72.5 1 0
github.com/oliverandrich/den/backend/postgres/fts.go:73.4,74.25 2 0
github.com/oliverandrich/den/backend/postgres/fts.go:74.25,76.5 1 0
github.com/oliverandrich/den/backend/postgres/fts.go:77.4,77.71 1 0
github.com/oliverandrich/den/backend/postgres/fts.go:79.8,81.3 1 1
github.com/oliverandrich/den/backend/postgres/fts.go:83.2,83.18 1 1
github.com/oliverandrich/den/backend/postgres/fts.go:83.18,85.3 1 1
github.com/oliverandrich/den/backend/postgres/fts.go:86.2,86.17 1 1
github.com/oliverandrich/den/backend/postgres/fts.go:86.17,88.3 1 0
github.com/oliverandrich/den/backend/postgres/fts.go:90.2,91.16 2 1
github.com/oliverandrich/den/backend/postgres/fts.go:91.16,93.3 1 0
github.com/oliverandrich/den/backend/postgres/fts.go:94.2,94.39 1 1
github.com/oliverandrich/den/backend/postgres/postgres.go:29.51,31.16 2 1
github.com/oliverandrich/den/backend/postgres/postgres.go:31.16,33.3 1 0
github.com/oliverandrich/den/backend/postgres/postgres.go:34.2,34.34 1 1
github.com/oliverandrich/den/backend/postgres/postgres.go:37.41,39.2 1 1
github.com/oliverandrich/den/backend/postgres/postgres.go:41.54,42.42 1 1
github.com/oliverandrich/den/backend/postgres/postgres.go:42.42,45.3 2 1
github.com/oliverandrich/den/backend/postgres/postgres.go:46.2,54.10 5 1
github.com/oliverandrich/den/backend/postgres/postgres.go:57.83,60.16 3 1
github.com/oliverandrich/den/backend/postgres/postgres.go:60.16,61.36 1 1
github.com/oliverandrich/den/backend/postgres/postgres.go:61.36,63.4 1 1
github.com/oliverandrich/den/backend/postgres/postgres.go:64.3,64.18 1 1
github.com/oliverandrich/den/backend/postgres/postgres.go:66.2,66.18 1 1
github.com/oliverandrich/den/backend/postgres/postgres.go:69.86,72.2 2 1
github.com/oliverandrich/den/backend/postgres/postgres.go:74.76,77.2 2 1
github.com/oliverandrich/den/backend/postgres/postgres.go:79.101,82.16 3 1
github.com/oliverandrich/den/backend/postgres/postgres.go:82.16,84.3 1 0
github.com/oliverandrich/den/backend/postgres/postgres.go:85.2,85.39 1 1
github.com/oliverandrich/den/backend/postgres/postgres.go:88.94,93.2 4 1
github.com/oliverandrich/den/backend/postgres/postgres.go:95.94,100.2 4 1
github.com/oliverandrich/den/backend/postgres/postgres.go:102.135,107.2 4 1
github.com/oliverandrich/den/backend/postgres/postgres.go:109.102,111.2 1 1
github.com/oliverandrich/den/backend/postgres/postgres.go:113.79,116.2 2 1
github.com/oliverandrich/den/backend/postgres/postgres.go:118.98,120.2 1 1
github.com/oliverandrich/den/backend/postgres/postgres.go:122.74,125.2 2 1
github.com/oliverandrich/den/backend/postgres/postgres.go:127.79,129.16 2 1
github.com/oliverandrich/den/backend/postgres/postgres.go:129.16,131.3 1 0
github.com/oliverandrich/den/backend/postgres/postgres.go:132.2,132.55 1 1
github.com/oliverandrich/den/backend/postgres/postgres.go:135.51,137.2 1 1
github.com/oliverandrich/den/backend/postgres/postgres.go:139.33,142.2 2 1
github.com/oliverandrich/den/backend/postgres/postgres.go:144.34,145.16 1 1
github.com/oliverandrich/den/backend/postgres/postgres.go:145.16,147.3 1 1
github.com/oliverandrich/den/backend/postgres/postgres.go:148.2,149.53 2 1
github.com/oliverandrich/den/backend/postgres/postgres.go:149.53,151.3 1 1
github.com/oliverandrich/den/backend/postgres/postgres.go:152.2,152.12 1 0
github.com/oliverandrich/den/backend/postgres/postgres.go:155.34,157.2 1 1
github.com/oliverandrich/den/backend/postgres/schema.go:13.78,19.16 3 1
github.com/oliverandrich/den/backend/postgres/schema.go:19.16,21.3 1 0
github.com/oliverandrich/den/backend/postgres/schema.go:24.2,27.12 3 1
github.com/oliverandrich/den/backend/postgres/schema.go:30.119,31.26 1 1
github.com/oliverandrich/den/backend/postgres/schema.go:31.26,33.3 1 0
github.com/oliverandrich/den/backend/postgres/schema.go:35.2,36.31 2 1
github.com/oliverandrich/den/backend/postgres/schema.go:36.31,38.3 1 1
github.com/oliverandrich/den/backend/postgres/schema.go:39.2,42.16 3 1
github.com/oliverandrich/den/backend/postgres/schema.go:42.16,44.3 1 1
github.com/oliverandrich/den/backend/postgres/schema.go:46.2,47.40 2 1
github.com/oliverandrich/den/backend/postgres/schema.go:47.40,49.3 1 1
github.com/oliverandrich/den/backend/postgres/schema.go:51.2,54.12 3 1
github.com/oliverandrich/den/backend/postgres/sql.go:13.45,15.26 2 1
github.com/oliverandrich/den/backend/postgres/sql.go:15.26,17.51 1 1
github.com/oliverandrich/den/backend/postgres/sql.go:17.51,19.4 1 1
github.com/oliverandrich/den/backend/postgres/sql.go:21.2,21.19 1 1
github.com/oliverandrich/den/backend/postgres/sql.go:25.70,32.21 4 1
github.com/oliverandrich/den/backend/postgres/sql.go:32.21,36.3 3 1
github.com/oliverandrich/den/backend/postgres/sql.go:37.2,37.22 1 1
github.com/oliverandrich/den/backend/postgres/sql.go:37.22,40.3 2 1
github.com/oliverandrich/den/backend/postgres/sql.go:42.2,42.27 1 1
github.com/oliverandrich/den/backend/postgres/sql.go:42.27,45.3 2 1
github.com/oliverandrich/den/backend/postgres/sql.go:47.2,47.27 1 1
github.com/oliverandrich/den/backend/postgres/sql.go:47.27,49.34 2 1
github.com/oliverandrich/den/backend/postgres/sql.go:49.34,50.13 1 1
github.com/oliverandrich/den/backend/postgres/sql.go:50.13,52.5 1 0
github.com/oliverandrich/den/backend/postgres/sql.go:53.4,54.25 2 1
github.com/oliverandrich/den/backend/postgres/sql.go:54.25,56.5 1 1
github.com/oliverandrich/den/backend/postgres/sql.go:57.4,57.71 1 1
github.com/oliverandrich/den/backend/postgres/sql.go:61.2,61.18 1 1
github.com/oliverandrich/den/backend/postgres/sql.go:61.18,63.3 1 1
github.com/oliverandrich/den/backend/postgres/sql.go:64.2,64.17 1 1
github.com/oliverandrich/den/backend/postgres/sql.go:64.17,66.3 1 1
github.com/oliverandrich/den/backend/postgres/sql.go:68.2,68.26 1 1
github.com/oliverandrich/den/backend/postgres/sql.go:71.77,75.34 4 1
github.com/oliverandrich/den/backend/postgres/sql.go:75.34,77.19 2 1
github.com/oliverandrich/den/backend/postgres/sql.go:77.19,81.4 3 1
github.com/oliverandrich/den/backend/postgres/sql.go:83.2,83.30 1 1
github.com/oliverandrich/den/backend/postgres/sql.go:86.100,87.21 1 1
github.com/oliverandrich/den/backend/postgres/sql.go:87.21,91.3 3 0
github.com/oliverandrich/den/backend/postgres/sql.go:92.2,92.22 1 1
github.com/oliverandrich/den/backend/postgres/sql.go:92.22,95.3 2 0
github.com/oliverandrich/den/backend/postgres/sql.go:96.2,96.22 1 1
github.com/oliverandrich/den/backend/postgres/sql.go:99.69,103.22 4 1
github.com/oliverandrich/den/backend/postgres/sql.go:103.22,105.3 1 1
github.com/oliverandrich/den/backend/postgres/sql.go:106.2,106.18 1 1
github.com/oliverandrich/den/backend/postgres/sql.go:109.70,113.22 4 1
github.com/oliverandrich/den/backend/postgres/sql.go:113.22,115.3 1 1
github.com/oliverandrich/den/backend/postgres/sql.go:116.2,117.54 2 1
github.com/oliverandrich/den/backend/postgres/sql.go:120.107,121.12 1 1
github.com/oliverandrich/den/backend/postgres/sql.go:122.50,122.50 0 1
github.com/oliverandrich/den/backend/postgres/sql.go:123.10,124.62 1 0
github.com/oliverandrich/den/backend/postgres/sql.go:126.2,129.22 4 1
github.com/oliverandrich/den/backend/postgres/sql.go:129.22,131.3 1 1
github.com/oliverandrich/den/backend/postgres/sql.go:132.2,132.18 1 1
github.com/oliverandrich/den/backend/postgres/sql.go:135.76,136.26 1 1
github.com/oliverandrich/den/backend/postgres/sql.go:142.4,143.83 1 1
github.com/oliverandrich/den/backend/postgres/sql.go:147.4,148.57 1 1
github.com/oliverandrich/den/backend/postgres/sql.go:151.4,153.18 2 1
github.com/oliverandrich/den/backend/postgres/sql.go:153.18,155.4 1 0
github.com/oliverandrich/den/backend/postgres/sql.go:156.3,156.53 1 1
github.com/oliverandrich/den/backend/postgres/sql.go:157.10,158.25 1 0
github.com/oliverandrich/den/backend/postgres/sql.go:162.120,167.49 3 1
github.com/oliverandrich/den/backend/postgres/sql.go:167.49,170.3 2 1
github.com/oliverandrich/den/backend/postgres/sql.go:172.2,172.12 1 1
github.com/oliverandrich/den/backend/postgres/sql.go:173.18,174.85 1 1
github.com/oliverandrich/den/backend/postgres/sql.go:175.18,176.86 1 1
github.com/oliverandrich/den/backend/postgres/sql.go:177.18,178.86 1 1
github.com/oliverandrich/den/backend/postgres/sql.go:179.19,180.87 1 1
github.com/oliverandrich/den/backend/postgres/sql.go:181.18,182.86 1 1
github.com/oliverandrich/den/backend/postgres/sql.go:183.19,184.87 1 1
github.com/oliverandrich/den/backend/postgres/sql.go:185.21,186.58 1 1
github.com/oliverandrich/den/backend/postgres/sql.go:187.24,188.62 1 1
github.com/oliverandrich/den/backend/postgres/sql.go:189.18,192.25 3 1
github.com/oliverandrich/den/backend/postgres/sql.go:192.25,195.4 2 1
github.com/oliverandrich/den/backend/postgres/sql.go:196.3,196.113 1 1
github.com/oliverandrich/den/backend/postgres/sql.go:197.21,200.25 3 1
github.com/oliverandrich/den/backend/postgres/sql.go:200.25,203.4 2 1
github.com/oliverandrich/den/backend/postgres/sql.go:204.3,204.117 1 1
github.com/oliverandrich/den/backend/postgres/sql.go:205.24,206.99 1 1
github.com/oliverandrich/den/backend/postgres/sql.go:207.27,210.28 3 1
github.com/oliverandrich/den/backend/postgres/sql.go:210.28,213.4 2 1
github.com/oliverandrich/den/backend/postgres/sql.go:214.3,214.79 1 1
github.com/oliverandrich/den/backend/postgres/sql.go:215.27,218.28 3 1
github.com/oliverandrich/den/backend/postgres/sql.go:218.28,221.4 2 1
github.com/oliverandrich/den/backend/postgres/sql.go:222.3,222.68 1 1
github.com/oliverandrich/den/backend/postgres/sql.go:223.22,224.95 1 1
github.com/oliverandrich/den/backend/postgres/sql.go:225.22,226.96 1 1
github.com/oliverandrich/den/backend/postgres/sql.go:227.10,228.25 1 0
github.com/oliverandrich/den/backend/postgres/sql.go:232.66,233.12 1 1
github.com/oliverandrich/den/backend/postgres/sql.go:235.18,236.45 1 0
github.com/oliverandrich/den/backend/postgres/sql.go:237.18,238.46 1 0
github.com/oliverandrich/den/backend/postgres/sql.go:239.18,240.45 1 1
github.com/oliverandrich/den/backend/postgres/sql.go:241.19,242.46 1 0
github.com/oliverandrich/den/backend/postgres/sql.go:243.18,244.45 1 0
github.com/oliverandrich/den/backend/postgres/sql.go:245.19,246.46 1 0
github.com/oliverandrich/den/backend/postgres/sql.go:247.10,248.12 1 0
github.com/oliverandrich/den/backend/postgres/sql.go:252.105,256.31 3 1
github.com/oliverandrich/den/backend/postgres/sql.go:256.31,258.19 2 1
github.com/oliverandrich/den/backend/postgres/sql.go:258.19,262.4 3 1
github.com/oliverandrich/den/backend/postgres/sql.go:265.2,265.23 1 1
github.com/oliverandrich/den/backend/postgres/sql.go:265.23,267.3 1 0
github.com/oliverandrich/den/backend/postgres/sql.go:269.2,270.28 2 1
github.com/oliverandrich/den/backend/postgres/sql.go:270.28,272.3 1 1
github.com/oliverandrich/den/backend/postgres/sql.go:273.2,273.49 1 1
github.com/oliverandrich/den/backend/postgres/sql.go:278.27,279.29 1 1
github.com/oliverandrich/den/backend/postgres/sql.go:279.29,281.3 1 1
github.com/oliverandrich/den/backend/postgres/sql.go:282.2,282.29 1 1
github.com/oliverandrich/den/backend/postgres/sql.go:293.37,294.21 1 1
github.com/oliverandrich/den/backend/postgres/sql.go:294.21,297.3 2 1
github.com/oliverandrich/den/backend/postgres/sql.go:298.2,298.55 1 1
github.com/oliverandrich/den/backend/postgres/sql.go:298.55,301.3 2 0
github.com/oliverandrich/den/backend/postgres/sql.go:302.2,302.13 1 1
github.com/oliverandrich/den/backend/postgres/sql.go:305.40,305.58 1 1
github.com/oliverandrich/den/backend/postgres/sql.go:306.40,306.56 1 1
github.com/oliverandrich/den/backend/postgres/sql.go:307.40,307.57 1 1
github.com/oliverandrich/den/backend/postgres/sql.go:308.40,308.71 2 1
github.com/oliverandrich/den/backend/postgres/transaction.go:18.87,21.16 3 1
github.com/oliverandrich/den/backend/postgres/transaction.go:21.16,22.36 1 1
github.com/oliverandrich/den/backend/postgres/transaction.go:22.36,24.4 1 1
github.com/oliverandrich/den/backend/postgres/transaction.go:25.3,25.18 1 0
github.com/oliverandrich/den/backend/postgres/transaction.go:27.2,27.18 1 1
github.com/oliverandrich/den/backend/postgres/transaction.go:30.90,33.2 2 1
github.com/oliverandrich/den/backend/postgres/transaction.go:35.80,38.2 2 1
github.com/oliverandrich/den/backend/postgres/transaction.go:40.105,43.16 3 1
github.com/oliverandrich/den/backend/postgres/transaction.go:43.16,45.3 1 0
github.com/oliverandrich/den/backend/postgres/transaction.go:46.2,46.39 1 1
github.com/oliverandrich/den/backend/postgres/transaction.go:49.98,54.2 4 1
github.com/oliverandrich/den/backend/postgres/transaction.go:56.98,61.2 4 1
github.com/oliverandrich/den/backend/postgres/transaction.go:63.139,68.2 4 1
github.com/oliverandrich/den/backend/postgres/transaction.go:70.38,72.2 1 1
github.com/oliverandrich/den/backend/postgres/transaction.go:74.40,76.2 1 1
github.com/oliverandrich/den/aggregate.go:25.57,26.48 1 1
github.com/oliverandrich/den/aggregate.go:26.48,29.3 2 1
github.com/oliverandrich/den/aggregate.go:31.2,32.37 2 1
github.com/oliverandrich/den/aggregate.go:32.37,37.58 4 1
github.com/oliverandrich/den/aggregate.go:37.58,39.4 1 0
github.com/oliverandrich/den/aggregate.go:39.9,41.39 2 1
github.com/oliverandrich/den/aggregate.go:41.39,42.13 1 0
github.com/oliverandrich/den/aggregate.go:44.4,44.47 1 1
github.com/oliverandrich/den/aggregate.go:47.3,47.95 1 1
github.com/oliverandrich/den/aggregate.go:50.2,51.17 2 1
github.com/oliverandrich/den/aggregate.go:54.59,55.49 1 1
github.com/oliverandrich/den/aggregate.go:55.49,58.3 2 0
github.com/oliverandrich/den/aggregate.go:60.2,61.37 2 1
github.com/oliverandrich/den/aggregate.go:61.37,63.16 2 1
github.com/oliverandrich/den/aggregate.go:63.16,64.12 1 0
github.com/oliverandrich/den/aggregate.go:66.3,66.62 1 1
github.com/oliverandrich/den/aggregate.go:69.2,70.17 2 1
github.com/oliverandrich/den/aggregate.go:74.58,76.2 1 1
github.com/oliverandrich/den/aggregate.go:79.58,81.2 1 1
github.com/oliverandrich/den/aggregate.go:84.58,86.2 1 1
github.com/oliverandrich/den/aggregate.go:89.58,91.2 1 1
github.com/oliverandrich/den/aggregate.go:93.80,95.16 2 1
github.com/oliverandrich/den/aggregate.go:95.16,97.3 1 0
github.com/oliverandrich/den/aggregate.go:98.2,100.16 3 1
github.com/oliverandrich/den/aggregate.go:100.16,102.3 1 0
github.com/oliverandrich/den/aggregate.go:103.2,103.19 1 1
github.com/oliverandrich/den/aggregate.go:103.19,105.3 1 1
github.com/oliverandrich/den/aggregate.go:106.2,106.21 1 1
github.com/oliverandrich/den/aggregate.go:111.49,113.16 2 1
github.com/oliverandrich/den/aggregate.go:113.16,115.3 1 0
github.com/oliverandrich/den/aggregate.go:117.2,119.16 3 1
github.com/oliverandrich/den/aggregate.go:119.16,121.3 1 0
github.com/oliverandrich/den/aggregate.go:122.2,122.15 1 1
github.com/oliverandrich/den/aggregate.go:122.15,122.35 1 1
github.com/oliverandrich/den/aggregate.go:124.2,125.71 2 1
github.com/oliverandrich/den/aggregate.go:125.71,127.3 1 0
github.com/oliverandrich/den/aggregate.go:129.2,133.18 4 1
github.com/oliverandrich/den/aggregate.go:133.18,137.55 4 1
github.com/oliverandrich/den/aggregate.go:137.55,139.4 1 0
github.com/oliverandrich/den/aggregate.go:141.3,143.44 3 1
github.com/oliverandrich/den/aggregate.go:145.2,145.35 1 1
github.com/oliverandrich/den/aggregate.go:145.35,147.3 1 0
github.com/oliverandrich/den/aggregate.go:149.2,150.12 2 1
github.com/oliverandrich/den/aggregate.go:153.83,154.46 1 1
github.com/oliverandrich/den/aggregate.go:154.46,156.17 2 1
github.com/oliverandrich/den/aggregate.go:156.17,157.12 1 0
github.com/oliverandrich/den/aggregate.go:160.3,162.41 3 1
github.com/oliverandrich/den/aggregate.go:162.41,164.4 1 1
github.com/oliverandrich/den/aggregate.go:175.63,177.2 1 1
github.com/oliverandrich/den/aggregate.go:180.52,182.16 2 1
github.com/oliverandrich/den/aggregate.go:182.16,184.3 1 0
github.com/oliverandrich/den/aggregate.go:186.2,188.16 3 1
github.com/oliverandrich/den/aggregate.go:188.16,190.3 1 0
github.com/oliverandrich/den/aggregate.go:191.2,191.15 1 1
github.com/oliverandrich/den/aggregate.go:191.15,191.35 1 1
github.com/oliverandrich/den/aggregate.go:193.2,197.18 4 1
github.com/oliverandrich/den/aggregate.go:197.18,201.55 4 1
github.com/oliverandrich/den/aggregate.go:201.55,203.4 1 0
github.com/oliverandrich/den/aggregate.go:205.3,209.10 4 1
github.com/oliverandrich/den/aggregate.go:209.10,217.4 2 1
github.com/oliverandrich/den/aggregate.go:218.3,220.28 2 1
github.com/oliverandrich/den/aggregate.go:220.28,221.31 1 1
github.com/oliverandrich/den/aggregate.go:221.31,224.65 3 1
github.com/oliverandrich/den/aggregate.go:224.65,226.6 1 1
github.com/oliverandrich/den/aggregate.go:227.5,227.65 1 1
github.com/oliverandrich/den/aggregate.go:227.65,229.6 1 1
github.com/oliverandrich/den/aggregate.go:233.2,233.35 1 1
github.com/oliverandrich/den/aggregate.go:233.35,235.3 1 0
github.com/oliverandrich/den/aggregate.go:237.2,237.42 1 1
github.com/oliverandrich/den/aggregate.go:248.68,250.71 2 1
github.com/oliverandrich/den/aggregate.go:250.71,252.3 1 0
github.com/oliverandrich/den/aggregate.go:254.2,258.31 4 1
github.com/oliverandrich/den/aggregate.go:258.31,261.30 2 1
github.com/oliverandrich/den/aggregate.go:261.30,264.11 2 1
github.com/oliverandrich/den/aggregate.go:265.30,266.19 1 1
github.com/oliverandrich/den/aggregate.go:266.19,269.45 3 1
github.com/oliverandrich/den/aggregate.go:269.45,271.7 1 1
github.com/oliverandrich/den/aggregate.go:273.26,274.25 1 1
github.com/oliverandrich/den/aggregate.go:275.42,277.34 2 1
github.com/oliverandrich/den/aggregate.go:277.34,279.6 1 1
github.com/oliverandrich/den/aggregate.go:280.42,281.61 1 1
github.com/oliverandrich/den/aggregate.go:282.42,283.61 1 1
github.com/oliverandrich/den/aggregate.go:284.42,285.61 1 1
github.com/oliverandrich/den/aggregate.go:289.3,289.44 1 1
github.com/oliverandrich/den/aggregate.go:292.2,293.12 2 1
github.com/oliverandrich/den/aggregate.go:298.31,299.14 1 1
github.com/oliverandrich/den/aggregate.go:299.14,301.3 1 0
github.com/oliverandrich/den/aggregate.go:302.2,303.60 2 1
github.com/oliverandrich/den/aggregate.go:303.60,305.3 1 0
github.com/oliverandrich/den/aggregate.go:306.2,306.10 1 1
github.com/oliverandrich/den/aggregate.go:309.67,311.29 2 1
github.com/oliverandrich/den/aggregate.go:311.29,313.10 2 1
github.com/oliverandrich/den/aggregate.go:313.10,315.4 1 0
github.com/oliverandrich/den/aggregate.go:316.3,316.20 1 1
github.com/oliverandrich/den/aggregate.go:318.2,318.16 1 1
github.com/oliverandrich/den/aggregate.go:321.37,322.23 1 1
github.com/oliverandrich/den/aggregate.go:323.15,324.17 1 1
github.com/oliverandrich/den/aggregate.go:325.15,326.26 1 0
github.com/oliverandrich/den/aggregate.go:327.11,328.26 1 0
github.com/oliverandrich/den/aggregate.go:329.13,330.26 1 0
github.com/oliverandrich/den/aggregate.go:331.13,332.26 1 0
github.com/oliverandrich/den/aggregate.go:333.12,334.26 1 0
github.com/oliverandrich/den/aggregate.go:335.14,336.26 1 0
github.com/oliverandrich/den/aggregate.go:337.10,338.18 1 1
github.com/oliverandrich/den/backlinks.go:13.101,15.16 2 1
github.com/oliverandrich/den/backlinks.go:15.16,17.3 1 0
github.com/oliverandrich/den/backlinks.go:19.2,22.16 3 1
github.com/oliverandrich/den/backlinks.go:22.16,24.3 1 0
github.com/oliverandrich/den/backlinks.go:25.2,25.15 1 1
github.com/oliverandrich/den/backlinks.go:25.15,25.35 1 1
github.com/oliverandrich/den/backlinks.go:27.2,28.18 2 1
github.com/oliverandrich/den/backlinks.go:28.18,32.50 4 1
github.com/oliverandrich/den/backlinks.go:32.50,34.4 1 0
github.com/oliverandrich/den/backlinks.go:35.3,36.33 2 1
github.com/oliverandrich/den/backlinks.go:38.2,38.35 1 1
github.com/oliverandrich/den/backlinks.go:38.35,40.3 1 0
github.com/oliverandrich/den/backlinks.go:41.2,41.21 1 1
github.com/oliverandrich/den/collection.go:13.64,14.32 1 1
github.com/oliverandrich/den/collection.go:14.32,16.34 2 1
github.com/oliverandrich/den/collection.go:16.34,18.4 1 1
github.com/oliverandrich/den/collection.go:20.3,21.17 2 1
github.com/oliverandrich/den/collection.go:21.17,23.4 1 0
github.com/oliverandrich/den/collection.go:25.3,29.36 3 1
github.com/oliverandrich/den/collection.go:29.36,31.4 1 1
github.com/oliverandrich/den/collection.go:33.3,33.75 1 1
github.com/oliverandrich/den/collection.go:33.75,35.4 1 0
github.com/oliverandrich/den/collection.go:37.3,37.36 1 1
github.com/oliverandrich/den/collection.go:37.36,38.70 1 1
github.com/oliverandrich/den/collection.go:38.70,40.5 1 0
github.com/oliverandrich/den/collection.go:43.3,43.63 1 1
github.com/oliverandrich/den/collection.go:43.63,45.4 1 0
github.com/oliverandrich/den/collection.go:47.3,54.31 4 1
github.com/oliverandrich/den/collection.go:54.31,56.4 1 1
github.com/oliverandrich/den/collection.go:58.3,59.17 2 1
github.com/oliverandrich/den/collection.go:62.2,62.12 1 1
github.com/oliverandrich/den/collection.go:66.60,69.33 3 1
github.com/oliverandrich/den/collection.go:69.33,71.3 1 0
github.com/oliverandrich/den/collection.go:74.2,74.44 1 1
github.com/oliverandrich/den/collection.go:74.44,77.3 2 1
github.com/oliverandrich/den/collection.go:80.2,83.49 3 1
github.com/oliverandrich/den/collection.go:83.49,85.3 1 1
github.com/oliverandrich/den/collection.go:86.2,89.9 3 1
github.com/oliverandrich/den/collection.go:89.9,91.3 1 1
github.com/oliverandrich/den/collection.go:94.2,95.18 2 1
github.com/oliverandrich/den/collection.go:99.50,101.16 2 1
github.com/oliverandrich/den/collection.go:101.16,103.3 1 1
github.com/oliverandrich/den/collection.go:104.2,104.22 1 1
github.com/oliverandrich/den/collection.go:108.35,113.35 4 1
github.com/oliverandrich/den/collection.go:113.35,115.3 1 1
github.com/oliverandrich/den/collection.go:116.2,116.14 1 1
github.com/oliverandrich/den/collection.go:119.68,125.32 2 1
github.com/oliverandrich/den/collection.go:125.32,137.43 3 1
github.com/oliverandrich/den/collection.go:137.43,143.4 1 1
github.com/oliverandrich/den/collection.go:144.3,144.23 1 1
github.com/oliverandrich/den/collection.go:144.23,150.4 1 1
github.com/oliverandrich/den/collection.go:153.2,153.13 1 1
github.com/oliverandrich/den/crud.go:17.88,19.2 1 1
github.com/oliverandrich/den/crud.go:21.106,24.16 3 1
github.com/oliverandrich/den/crud.go:24.16,26.3 1 1
github.com/oliverandrich/den/crud.go:28.2,28.29 1 1
github.com/oliverandrich/den/crud.go:28.29,29.65 1 1
github.com/oliverandrich/den/crud.go:29.65,31.4 1 0
github.com/oliverandrich/den/crud.go:34.2,34.28 1 1
github.com/oliverandrich/den/crud.go:34.28,35.51 1 0
github.com/oliverandrich/den/crud.go:35.51,37.4 1 0
github.com/oliverandrich/den/crud.go:40.2,40.60 1 1
github.com/oliverandrich/den/crud.go:40.60,42.3 1 1
github.com/oliverandrich/den/crud.go:44.2,48.30 4 1
github.com/oliverandrich/den/crud.go:48.30,50.3 1 1
github.com/oliverandrich/den/crud.go:52.2,53.16 2 1
github.com/oliverandrich/den/crud.go:53.16,55.3 1 0
github.com/oliverandrich/den/crud.go:57.2,59.60 2 1
github.com/oliverandrich/den/crud.go:59.60,61.3 1 1
github.com/oliverandrich/den/crud.go:63.2,64.43 2 1
github.com/oliverandrich/den/crud.go:69.80,70.19 1 1
github.com/oliverandrich/den/crud.go:70.19,72.3 1 1
github.com/oliverandrich/den/crud.go:74.2,75.25 2 1
github.com/oliverandrich/den/crud.go:75.25,77.3 1 1
github.com/oliverandrich/den/crud.go:79.2,79.69 1 1
github.com/oliverandrich/den/crud.go:83.74,85.16 2 1
github.com/oliverandrich/den/crud.go:85.16,87.3 1 0
github.com/oliverandrich/den/crud.go:89.2,90.16 2 1
github.com/oliverandrich/den/crud.go:90.16,92.3 1 1
github.com/oliverandrich/den/crud.go:94.2,95.48 2 1
github.com/oliverandrich/den/crud.go:95.48,97.3 1 0
github.com/oliverandrich/den/crud.go:98.2,100.20 2 1
github.com/oliverandrich/den/crud.go:105.88,107.2 1 1
github.com/oliverandrich/den/crud.go:109.106,112.16 3 1
github.com/oliverandrich/den/crud.go:112.16,114.3 1 0
github.com/oliverandrich/den/crud.go:116.2,116.29 1 1
github.com/oliverandrich/den/crud.go:116.29,117.65 1 0
github.com/oliverandrich/den/crud.go:117.65,119.4 1 0
github.com/oliverandrich/den/crud.go:122.2,125.14 3 1
github.com/oliverandrich/den/crud.go:125.14,127.3 1 0
github.com/oliverandrich/den/crud.go:129.2,129.28 1 1
github.com/oliverandrich/den/crud.go:129.28,130.51 1 0
github.com/oliverandrich/den/crud.go:130.51,132.4 1 0
github.com/oliverandrich/den/crud.go:135.2,135.60 1 1
github.com/oliverandrich/den/crud.go:135.60,137.3 1 0
github.com/oliverandrich/den/crud.go:139.2,139.86 1 1
github.com/oliverandrich/den/crud.go:139.86,141.3 1 1
github.com/oliverandrich/den/crud.go:143.2,147.16 4 1
github.com/oliverandrich/den/crud.go:147.16,149.3 1 0
github.com/oliverandrich/den/crud.go:151.2,151.60 1 1
github.com/oliverandrich/den/crud.go:151.60,153.3 1 0
github.com/oliverandrich/den/crud.go:155.2,156.43 2 1
github.com/oliverandrich/den/crud.go:161.88,163.2 1 1
github.com/oliverandrich/den/crud.go:165.106,169.16 3 1
github.com/oliverandrich/den/crud.go:169.16,171.3 1 0
github.com/oliverandrich/den/crud.go:173.2,176.14 3 1
github.com/oliverandrich/den/crud.go:176.14,178.3 1 0
github.com/oliverandrich/den/crud.go:180.2,180.60 1 1
github.com/oliverandrich/den/crud.go:180.60,182.3 1 0
github.com/oliverandrich/den/crud.go:184.2,184.30 1 1
github.com/oliverandrich/den/crud.go:184.30,185.66 1 1
github.com/oliverandrich/den/crud.go:185.66,187.4 1 0
github.com/oliverandrich/den/crud.go:190.2,190.43 1 1
github.com/oliverandrich/den/crud.go:190.43,191.67 1 1
github.com/oliverandrich/den/crud.go:191.67,193.4 1 0
github.com/oliverandrich/den/crud.go:194.3,194.44 1 1
github.com/oliverandrich/den/crud.go:197.2,197.57 1 1
github.com/oliverandrich/den/crud.go:197.57,199.3 1 0
github.com/oliverandrich/den/crud.go:201.2,201.43 1 1
github.com/oliverandrich/den/crud.go:206.69,208.16 2 1
github.com/oliverandrich/den/crud.go:208.16,210.3 1 0
github.com/oliverandrich/den/crud.go:212.2,213.14 2 1
github.com/oliverandrich/den/crud.go:213.14,215.3 1 0
github.com/oliverandrich/den/crud.go:217.2,218.16 2 1
github.com/oliverandrich/den/crud.go:218.16,220.3 1 1
github.com/oliverandrich/den/crud.go:222.2,222.50 1 1
github.com/oliverandrich/den/crud.go:222.50,224.3 1 0
github.com/oliverandrich/den/crud.go:225.2,226.12 2 1
github.com/oliverandrich/den/crud.go:235.120,237.16 2 1
github.com/oliverandrich/den/crud.go:237.16,239.3 1 0
github.com/oliverandrich/den/crud.go:242.2,242.32 1 1
github.com/oliverandrich/den/crud.go:242.32,243.51 1 1
github.com/oliverandrich/den/crud.go:243.51,245.4 1 1
github.com/oliverandrich/den/crud.go:248.2,252.56 4 1
github.com/oliverandrich/den/crud.go:252.56,255.17 2 1
github.com/oliverandrich/den/crud.go:255.17,257.4 1 0
github.com/oliverandrich/den/crud.go:259.3,259.19 1 1
github.com/oliverandrich/den/crud.go:259.19,262.18 3 1
github.com/oliverandrich/den/crud.go:262.18,264.5 1 0
github.com/oliverandrich/den/crud.go:265.4,265.22 1 1
github.com/oliverandrich/den/crud.go:268.3,272.50 5 1
github.com/oliverandrich/den/crud.go:272.50,274.4 1 0
github.com/oliverandrich/den/crud.go:275.3,278.41 3 1
github.com/oliverandrich/den/crud.go:278.41,280.17 2 1
github.com/oliverandrich/den/crud.go:280.17,282.5 1 0
github.com/oliverandrich/den/crud.go:283.4,284.63 2 1
github.com/oliverandrich/den/crud.go:284.63,286.5 1 0
github.com/oliverandrich/den/crud.go:290.3,290.43 1 1
github.com/oliverandrich/den/crud.go:290.43,292.4 1 0
github.com/oliverandrich/den/crud.go:294.3,295.13 2 1
github.com/oliverandrich/den/crud.go:298.2,298.18 1 1
github.com/oliverandrich/den/crud.go:298.18,300.3 1 1
github.com/oliverandrich/den/crud.go:301.2,301.20 1 1
github.com/oliverandrich/den/crud.go:305.75,306.25 1 1
github.com/oliverandrich/den/crud.go:306.25,308.3 1 0
github.com/oliverandrich/den/crud.go:309.2,309.54 1 1
github.com/oliverandrich/den/crud.go:309.54,310.33 1 1
github.com/oliverandrich/den/crud.go:310.33,311.44 1 1
github.com/oliverandrich/den/crud.go:311.44,313.5 1 1
github.com/oliverandrich/den/crud.go:315.3,315.13 1 1
github.com/oliverandrich/den/crud.go:322.118,324.16 2 1
github.com/oliverandrich/den/crud.go:324.16,326.3 1 0
github.com/oliverandrich/den/crud.go:328.2,332.56 4 1
github.com/oliverandrich/den/crud.go:332.56,334.17 2 1
github.com/oliverandrich/den/crud.go:334.17,336.4 1 0
github.com/oliverandrich/den/crud.go:337.3,337.16 1 1
github.com/oliverandrich/den/crud.go:337.16,337.34 1 1
github.com/oliverandrich/den/crud.go:339.3,339.17 1 1
github.com/oliverandrich/den/crud.go:339.17,343.51 4 1
github.com/oliverandrich/den/crud.go:343.51,345.5 1 0
github.com/oliverandrich/den/crud.go:346.4,346.53 1 1
github.com/oliverandrich/den/crud.go:346.53,348.5 1 0
github.com/oliverandrich/den/crud.go:349.4,349.11 1 1
github.com/oliverandrich/den/crud.go:351.3,351.18 1 1
github.com/oliverandrich/den/crud.go:353.2,353.18 1 1
github.com/oliverandrich/den/crud.go:353.18,355.3 1 0
github.com/oliverandrich/den/crud.go:356.2,356.19 1 1
github.com/oliverandrich/den/crud.go:360.74,361.19 1 1
github.com/oliverandrich/den/crud.go:361.19,364.3 2 1
github.com/oliverandrich/den/crud.go:365.2,366.31 2 1
github.com/oliverandrich/den/crud.go:366.31,369.3 2 1
github.com/oliverandrich/den/crud.go:370.2,370.44 1 1
github.com/oliverandrich/den/crud.go:370.44,372.3 1 1
github.com/oliverandrich/den/crud.go:373.2,374.12 2 0
github.com/oliverandrich/den/crud.go:377.45,379.2 1 1
github.com/oliverandrich/den/crud.go:381.48,383.2 1 1
github.com/oliverandrich/den/crud.go:385.36,386.27 1 1
github.com/oliverandrich/den/crud.go:386.27,388.3 1 1
github.com/oliverandrich/den/crud.go:389.2,389.19 1 1
github.com/oliverandrich/den/crud.go:392.94,394.20 2 1
github.com/oliverandrich/den/crud.go:394.20,396.24 2 1
github.com/oliverandrich/den/crud.go:396.24,398.4 1 1
github.com/oliverandrich/den/crud.go:401.2,401.14 1 1
github.com/oliverandrich/den/crud.go:401.14,403.26 2 1
github.com/oliverandrich/den/crud.go:403.26,405.19 2 1
github.com/oliverandrich/den/crud.go:405.19,407.5 1 1
github.com/oliverandrich/den/crud.go:411.2,412.25 2 1
github.com/oliverandrich/den/crud.go:412.25,414.3 1 1
github.com/oliverandrich/den/crud.go:417.63,419.20 2 1
github.com/oliverandrich/den/crud.go:419.20,421.3 1 0
github.com/oliverandrich/den/crud.go:422.2,422.47 1 1
github.com/oliverandrich/den/den.go:41.57,47.27 2 1
github.com/oliverandrich/den/den.go:47.27,49.3 1 0
github.com/oliverandrich/den/den.go:50.2,50.16 1 1
github.com/oliverandrich/den/den.go:55.51,57.2 1 0
github.com/oliverandrich/den/den.go:60.29,62.2 1 1
github.com/oliverandrich/den/den.go:66.33,68.2 1 1
github.com/oliverandrich/den/den.go:71.47,73.2 1 1
github.com/oliverandrich/den/hooks.go:48.63,49.34 1 1
github.com/oliverandrich/den/hooks.go:49.34,50.38 1 1
github.com/oliverandrich/den/hooks.go:50.38,52.4 1 1
github.com/oliverandrich/den/hooks.go:54.2,54.39 1 1
github.com/oliverandrich/den/hooks.go:54.39,55.45 1 1
github.com/oliverandrich/den/hooks.go:55.45,57.4 1 1
github.com/oliverandrich/den/hooks.go:59.2,59.36 1 1
github.com/oliverandrich/den/hooks.go:59.36,60.43 1 1
github.com/oliverandrich/den/hooks.go:60.43,62.4 1 0
github.com/oliverandrich/den/hooks.go:64.2,64.12 1 1
github.com/oliverandrich/den/hooks.go:67.62,68.38 1 1
github.com/oliverandrich/den/hooks.go:68.38,69.44 1 1
github.com/oliverandrich/den/hooks.go:69.44,71.4 1 0
github.com/oliverandrich/den/hooks.go:73.2,73.35 1 1
github.com/oliverandrich/den/hooks.go:73.35,74.42 1 1
github.com/oliverandrich/den/hooks.go:74.42,76.4 1 0
github.com/oliverandrich/den/hooks.go:78.2,78.12 1 1
github.com/oliverandrich/den/hooks.go:81.63,82.34 1 1
github.com/oliverandrich/den/hooks.go:82.34,83.38 1 0
github.com/oliverandrich/den/hooks.go:83.38,85.4 1 0
github.com/oliverandrich/den/hooks.go:87.2,87.38 1 1
github.com/oliverandrich/den/hooks.go:87.38,88.45 1 1
github.com/oliverandrich/den/hooks.go:88.45,90.4 1 0
github.com/oliverandrich/den/hooks.go:92.2,92.36 1 1
github.com/oliverandrich/den/hooks.go:92.36,93.43 1 1
github.com/oliverandrich/den/hooks.go:93.43,95.4 1 0
github.com/oliverandrich/den/hooks.go:97.2,97.12 1 1
github.com/oliverandrich/den/hooks.go:100.62,101.37 1 1
github.com/oliverandrich/den/hooks.go:101.37,102.44 1 1
github.com/oliverandrich/den/hooks.go:102.44,104.4 1 0
github.com/oliverandrich/den/hooks.go:106.2,106.35 1 1
github.com/oliverandrich/den/hooks.go:106.35,107.42 1 1
github.com/oliverandrich/den/hooks.go:107.42,109.4 1 0
github.com/oliverandrich/den/hooks.go:111.2,111.12 1 1
github.com/oliverandrich/den/hooks.go:114.63,115.38 1 1
github.com/oliverandrich/den/hooks.go:115.38,116.45 1 1
github.com/oliverandrich/den/hooks.go:116.45,118.4 1 0
github.com/oliverandrich/den/hooks.go:120.2,120.12 1 1
github.com/oliverandrich/den/hooks.go:123.62,124.37 1 1
github.com/oliverandrich/den/hooks.go:124.37,125.44 1 1
github.com/oliverandrich/den/hooks.go:125.44,127.4 1 0
github.com/oliverandrich/den/hooks.go:129.2,129.12 1 1
github.com/oliverandrich/den/iter.go:16.51,17.42 1 1
github.com/oliverandrich/den/iter.go:17.42,19.17 2 1
github.com/oliverandrich/den/iter.go:19.17,22.4 2 0
github.com/oliverandrich/den/iter.go:24.3,27.17 3 1
github.com/oliverandrich/den/iter.go:27.17,30.4 2 0
github.com/oliverandrich/den/iter.go:31.3,31.16 1 1
github.com/oliverandrich/den/iter.go:31.16,31.34 1 1
github.com/oliverandrich/den/iter.go:33.3,33.17 1 1
github.com/oliverandrich/den/iter.go:33.17,38.54 4 1
github.com/oliverandrich/den/iter.go:38.54,39.51 1 0
github.com/oliverandrich/den/iter.go:39.51,41.6 1 0
github.com/oliverandrich/den/iter.go:42.5,42.13 1 0
github.com/oliverandrich/den/iter.go:44.4,46.21 2 1
github.com/oliverandrich/den/iter.go:46.21,47.80 1 1
github.com/oliverandrich/den/iter.go:47.80,48.57 1 0
github.com/oliverandrich/den/iter.go:48.57,50.7 1 0
github.com/oliverandrich/den/iter.go:51.6,51.14 1 0
github.com/oliverandrich/den/iter.go:54.4,54.24 1 1
github.com/oliverandrich/den/iter.go:54.24,56.5 1 1
github.com/oliverandrich/den/iter.go:58.3,58.34 1 1
github.com/oliverandrich/den/iter.go:58.34,60.4 1 0
github.com/oliverandrich/den/link.go:26.48,28.2 1 1
github.com/oliverandrich/den/link.go:31.52,33.50 2 1
github.com/oliverandrich/den/link.go:33.50,35.3 1 0
github.com/oliverandrich/den/link.go:36.2,39.12 4 1
github.com/oliverandrich/den/link.go:43.37,49.59 4 1
github.com/oliverandrich/den/link.go:49.59,51.3 1 1
github.com/oliverandrich/den/link.go:53.2,53.50 1 1
github.com/oliverandrich/den/link.go:57.34,59.2 1 1
github.com/oliverandrich/den/link.go:80.45,81.27 1 1
github.com/oliverandrich/den/link.go:81.27,83.3 1 1
github.com/oliverandrich/den/link.go:87.84,89.2 1 1
github.com/oliverandrich/den/link.go:92.70,94.2 1 1
github.com/oliverandrich/den/link.go:96.95,97.16 1 1
github.com/oliverandrich/den/link.go:97.16,99.3 1 0
github.com/oliverandrich/den/link.go:101.2,104.38 3 1
github.com/oliverandrich/den/link.go:104.38,107.17 3 1
github.com/oliverandrich/den/link.go:107.17,109.4 1 0
github.com/oliverandrich/den/link.go:110.3,110.24 1 1
github.com/oliverandrich/den/link.go:110.24,111.12 1 0
github.com/oliverandrich/den/link.go:114.3,115.15 2 1
github.com/oliverandrich/den/link.go:115.15,116.28 1 0
github.com/oliverandrich/den/link.go:116.28,117.67 1 0
github.com/oliverandrich/den/link.go:117.67,119.6 1 0
github.com/oliverandrich/den/link.go:121.4,121.14 1 0
github.com/oliverandrich/den/link.go:123.3,123.40 1 1
github.com/oliverandrich/den/link.go:125.2,125.62 1 0
github.com/oliverandrich/den/link.go:128.80,129.16 1 1
github.com/oliverandrich/den/link.go:129.16,131.3 1 0
github.com/oliverandrich/den/link.go:133.2,133.62 1 1
github.com/oliverandrich/den/link.go:133.62,135.3 1 1
github.com/oliverandrich/den/link.go:138.82,140.50 2 1
github.com/oliverandrich/den/link.go:140.50,142.3 1 0
github.com/oliverandrich/den/link.go:144.2,145.49 2 1
github.com/oliverandrich/den/link.go:145.49,147.3 1 0
github.com/oliverandrich/den/link.go:149.2,151.27 3 1
github.com/oliverandrich/den/link.go:151.27,153.3 1 0
github.com/oliverandrich/den/link.go:156.2,163.9 6 1
github.com/oliverandrich/den/link.go:163.9,165.3 1 0
github.com/oliverandrich/den/link.go:168.2,169.16 2 1
github.com/oliverandrich/den/link.go:169.16,171.3 1 0
github.com/oliverandrich/den/link.go:174.2,175.60 2 1
github.com/oliverandrich/den/link.go:175.60,177.3 1 0
github.com/oliverandrich/den/link.go:178.2,182.12 4 1
github.com/oliverandrich/den/link.go:194.52,195.46 1 1
github.com/oliverandrich/den/link.go:195.46,198.3 2 1
github.com/oliverandrich/den/link.go:200.2,201.30 2 1
github.com/oliverandrich/den/link.go:201.30,203.18 2 1
github.com/oliverandrich/den/link.go:203.18,204.12 1 1
github.com/oliverandrich/den/link.go:206.3,207.56 2 1
github.com/oliverandrich/den/link.go:207.56,209.4 1 1
github.com/oliverandrich/den/link.go:209.9,209.107 1 1
github.com/oliverandrich/den/link.go:209.107,211.4 1 1
github.com/oliverandrich/den/link.go:214.2,215.15 2 1
github.com/oliverandrich/den/link.go:218.42,219.22 1 1
github.com/oliverandrich/den/link.go:219.22,221.3 1 0
github.com/oliverandrich/den/link.go:222.2,225.80 4 1
github.com/oliverandrich/den/link.go:230.73,233.45 2 1
github.com/oliverandrich/den/link.go:233.45,235.15 2 1
github.com/oliverandrich/den/link.go:235.15,236.28 1 1
github.com/oliverandrich/den/link.go:236.28,237.43 1 1
github.com/oliverandrich/den/link.go:237.43,239.6 1 0
github.com/oliverandrich/den/link.go:241.9,242.33 1 1
github.com/oliverandrich/den/link.go:242.33,244.5 1 0
github.com/oliverandrich/den/link.go:247.2,247.12 1 1
github.com/oliverandrich/den/link.go:250.48,252.27 2 1
github.com/oliverandrich/den/link.go:252.27,254.3 1 1
github.com/oliverandrich/den/link.go:255.2,255.10 1 1
github.com/oliverandrich/den/link.go:259.82,260.62 1 1
github.com/oliverandrich/den/link.go:260.62,262.3 1 1
github.com/oliverandrich/den/link.go:266.83,267.62 1 1
github.com/oliverandrich/den/link.go:267.62,269.3 1 1
github.com/oliverandrich/den/link.go:272.100,274.49 2 1
github.com/oliverandrich/den/link.go:274.49,276.3 1 0
github.com/oliverandrich/den/link.go:278.2,285.9 7 1
github.com/oliverandrich/den/link.go:285.9,287.3 1 0
github.com/oliverandrich/den/link.go:289.2,294.14 4 1
github.com/oliverandrich/den/link.go:294.14,295.59 1 1
github.com/oliverandrich/den/link.go:295.59,297.4 1 0
github.com/oliverandrich/den/link.go:298.8,299.59 1 0
github.com/oliverandrich/den/link.go:299.59,301.4 1 0
github.com/oliverandrich/den/link.go:304.2,307.30 3 1
github.com/oliverandrich/den/link.go:307.30,308.15 1 0
github.com/oliverandrich/den/link.go:308.15,310.4 1 0
github.com/oliverandrich/den/link.go:310.9,311.77 1 0
github.com/oliverandrich/den/link.go:311.77,313.5 1 0
github.com/oliverandrich/den/link.go:317.2,318.16 2 1
github.com/oliverandrich/den/link.go:318.16,320.3 1 0
github.com/oliverandrich/den/link.go:322.2,325.54 3 1
github.com/oliverandrich/den/link.go:325.54,327.3 1 0
github.com/oliverandrich/den/link.go:328.2,330.14 2 1
github.com/oliverandrich/den/link.go:330.14,332.3 1 1
github.com/oliverandrich/den/link.go:333.2,333.41 1 0
github.com/oliverandrich/den/link.go:336.102,338.50 2 1
github.com/oliverandrich/den/link.go:338.50,340.3 1 0
github.com/oliverandrich/den/link.go:342.2,343.27 2 1
github.com/oliverandrich/den/link.go:343.27,345.3 1 0
github.com/oliverandrich/den/link.go:347.2,354.9 7 1
github.com/oliverandrich/den/link.go:354.9,356.3 1 0
github.com/oliverandrich/den/link.go:359.2,360.16 2 1
github.com/oliverandrich/den/link.go:360.16,361.34 1 0
github.com/oliverandrich/den/link.go:361.34,363.4 1 0
github.com/oliverandrich/den/link.go:364.3,364.13 1 0
github.com/oliverandrich/den/link.go:367.2,369.45 3 1
github.com/oliverandrich/den/link.go:369.45,371.3 1 0
github.com/oliverandrich/den/link.go:373.2,373.55 1 1
github.com/oliverandrich/den/link.go:373.55,375.3 1 0
github.com/oliverandrich/den/link.go:377.2,377.26 1 1
github.com/oliverandrich/den/link.go:377.26,382.17 4 1
github.com/oliverandrich/den/link.go:382.17,384.4 1 0
github.com/oliverandrich/den/link.go:385.3,385.58 1 1
github.com/oliverandrich/den/link.go:385.58,387.4 1 0
github.com/oliverandrich/den/link.go:388.3,388.39 1 1
github.com/oliverandrich/den/link.go:391.2,391.51 1 1
github.com/oliverandrich/den/link.go:391.51,393.3 1 0
github.com/oliverandrich/den/link.go:394.2,394.38 1 1
github.com/oliverandrich/den/link.go:397.42,398.29 1 1
github.com/oliverandrich/den/link.go:398.29,400.3 1 0
github.com/oliverandrich/den/link.go:401.2,401.24 1 1
github.com/oliverandrich/den/link.go:401.24,402.15 1 1
github.com/oliverandrich/den/link.go:402.15,404.4 1 0
github.com/oliverandrich/den/link.go:406.2,406.12 1 1
github.com/oliverandrich/den/queryset.go:30.94,32.25 2 1
github.com/oliverandrich/den/queryset.go:32.25,34.3 1 1
github.com/oliverandrich/den/queryset.go:35.2,35.11 1 1
github.com/oliverandrich/den/queryset.go:41.72,44.2 2 1
github.com/oliverandrich/den/queryset.go:47.73,50.2 2 1
github.com/oliverandrich/den/queryset.go:53.48,56.2 2 1
github.com/oliverandrich/den/queryset.go:59.47,62.2 2 1
github.com/oliverandrich/den/queryset.go:65.52,68.2 2 1
github.com/oliverandrich/den/queryset.go:71.53,74.2 2 1
github.com/oliverandrich/den/queryset.go:77.52,80.2 2 1
github.com/oliverandrich/den/queryset.go:83.63,86.2 2 1
github.com/oliverandrich/den/queryset.go:89.52,92.2 2 1
github.com/oliverandrich/den/queryset.go:97.43,99.34 2 1
github.com/oliverandrich/den/queryset.go:99.34,100.17 1 1
github.com/oliverandrich/den/queryset.go:100.17,102.4 1 0
github.com/oliverandrich/den/queryset.go:103.3,103.33 1 1
github.com/oliverandrich/den/queryset.go:105.2,105.21 1 1
github.com/oliverandrich/den/queryset.go:109.43,111.16 2 1
github.com/oliverandrich/den/queryset.go:111.16,113.3 1 0
github.com/oliverandrich/den/queryset.go:114.2,114.23 1 1
github.com/oliverandrich/den/queryset.go:114.23,116.3 1 1
github.com/oliverandrich/den/queryset.go:117.2,117.24 1 1
github.com/oliverandrich/den/queryset.go:121.46,123.16 2 1
github.com/oliverandrich/den/queryset.go:123.16,125.3 1 0
github.com/oliverandrich/den/queryset.go:127.2,128.54 2 1
github.com/oliverandrich/den/queryset.go:132.46,134.16 2 1
github.com/oliverandrich/den/queryset.go:134.16,136.3 1 0
github.com/oliverandrich/den/queryset.go:138.2,139.55 2 1
github.com/oliverandrich/den/queryset.go:143.59,152.16 8 1
github.com/oliverandrich/den/queryset.go:152.16,154.3 1 0
github.com/oliverandrich/den/queryset.go:156.2,157.16 2 1
github.com/oliverandrich/den/queryset.go:157.16,159.3 1 0
github.com/oliverandrich/den/queryset.go:161.2,161.28 1 1
github.com/oliverandrich/den/queryset.go:166.63,168.16 2 1
github.com/oliverandrich/den/queryset.go:168.16,170.3 1 0
github.com/oliverandrich/den/queryset.go:173.2,174.32 2 1
github.com/oliverandrich/den/queryset.go:174.32,176.16 2 1
github.com/oliverandrich/den/queryset.go:176.16,178.4 1 1
github.com/oliverandrich/den/queryset.go:179.3,179.29 1 1
github.com/oliverandrich/den/queryset.go:182.2,185.62 3 1
github.com/oliverandrich/den/queryset.go:185.62,187.17 2 1
github.com/oliverandrich/den/queryset.go:187.17,189.4 1 0
github.com/oliverandrich/den/queryset.go:191.3,191.19 1 1
github.com/oliverandrich/den/queryset.go:191.19,195.54 4 1
github.com/oliverandrich/den/queryset.go:195.54,198.5 2 0
github.com/oliverandrich/den/queryset.go:199.4,202.42 3 1
github.com/oliverandrich/den/queryset.go:202.42,204.64 2 1
github.com/oliverandrich/den/queryset.go:204.64,207.6 2 1
github.com/oliverandrich/den/queryset.go:209.4,209.44 1 1
github.com/oliverandrich/den/queryset.go:209.44,212.5 2 0
github.com/oliverandrich/den/queryset.go:213.4,213.11 1 1
github.com/oliverandrich/den/queryset.go:215.3,217.21 3 1
github.com/oliverandrich/den/queryset.go:217.21,219.4 1 0
github.com/oliverandrich/den/queryset.go:220.3,220.13 1 1
github.com/oliverandrich/den/queryset.go:222.2,222.18 1 1
github.com/oliverandrich/den/queryset.go:222.18,224.3 1 1
github.com/oliverandrich/den/queryset.go:225.2,225.19 1 1
github.com/oliverandrich/den/queryset.go:231.69,244.2 3 1
github.com/oliverandrich/den/queryset.go:247.76,249.48 2 1
github.com/oliverandrich/den/queryset.go:249.48,251.3 1 1
github.com/oliverandrich/den/queryset.go:252.2,252.19 1 1
github.com/oliverandrich/den/revision.go:14.34,15.27 1 1
github.com/oliverandrich/den/revision.go:15.27,17.3 1 1
github.com/oliverandrich/den/revision.go:20.27,24.2 3 1
github.com/oliverandrich/den/revision.go:26.74,28.21 2 1
github.com/oliverandrich/den/revision.go:28.21,30.3 1 0
github.com/oliverandrich/den/revision.go:31.2,31.47 1 1
github.com/oliverandrich/den/revision.go:34.69,36.21 2 1
github.com/oliverandrich/den/revision.go:36.21,38.3 1 0
github.com/oliverandrich/den/revision.go:39.2,39.48 1 1
github.com/oliverandrich/den/revision.go:44.138,45.31 1 1
github.com/oliverandrich/den/revision.go:45.31,47.3 1 1
github.com/oliverandrich/den/revision.go:49.2,52.41 3 1
github.com/oliverandrich/den/revision.go:52.41,54.17 2 1
github.com/oliverandrich/den/revision.go:54.17,56.4 1 0
github.com/oliverandrich/den/revision.go:58.3,61.51 2 1
github.com/oliverandrich/den/revision.go:61.51,63.4 1 0
github.com/oliverandrich/den/revision.go:65.3,65.32 1 1
github.com/oliverandrich/den/revision.go:65.32,67.4 1 1
github.com/oliverandrich/den/revision.go:70.2,71.12 2 1
github.com/oliverandrich/den/search.go:16.62,18.16 2 1
github.com/oliverandrich/den/search.go:18.16,20.3 1 0
github.com/oliverandrich/den/search.go:22.2,23.9 2 1
github.com/oliverandrich/den/search.go:23.9,25.3 1 0
github.com/oliverandrich/den/search.go:27.2,30.16 3 1
github.com/oliverandrich/den/search.go:30.16,32.3 1 0
github.com/oliverandrich/den/search.go:33.2,33.15 1 1
github.com/oliverandrich/den/search.go:33.15,33.35 1 1
github.com/oliverandrich/den/search.go:35.2,36.18 2 1
github.com/oliverandrich/den/search.go:36.18,40.53 4 1
github.com/oliverandrich/den/search.go:40.53,42.4 1 0
github.com/oliverandrich/den/search.go:43.3,45.20 2 1
github.com/oliverandrich/den/search.go:45.20,46.79 1 0
github.com/oliverandrich/den/search.go:46.79,48.5 1 0
github.com/oliverandrich/den/search.go:50.3,50.33 1 1
github.com/oliverandrich/den/search.go:52.2,52.35 1 1
github.com/oliverandrich/den/search.go:52.35,54.3 1 0
github.com/oliverandrich/den/search.go:55.2,55.21 1 1
github.com/oliverandrich/den/search.go:60.85,62.9 2 1
github.com/oliverandrich/den/search.go:62.9,64.3 1 0
github.com/oliverandrich/den/search.go:66.2,67.32 2 1
github.com/oliverandrich/den/search.go:67.32,68.12 1 1
github.com/oliverandrich/den/search.go:68.12,70.4 1 1
github.com/oliverandrich/den/search.go:73.2,73.25 1 1
github.com/oliverandrich/den/search.go:73.25,75.3 1 1
github.com/oliverandrich/den/search.go:77.2,77.49 1 1
github.com/oliverandrich/den/settings.go:23.40,24.40 1 1
github.com/oliverandrich/den/settings.go:24.40,26.3 1 1
github.com/oliverandrich/den/settings.go:27.2,27.19 1 1
github.com/oliverandrich/den/soft_delete.go:14.92,17.2 2 1
github.com/oliverandrich/den/soft_delete.go:19.36,20.27 1 1
github.com/oliverandrich/den/soft_delete.go:20.27,22.3 1 1
github.com/oliverandrich/den/soft_delete.go:26.125,31.16 4 1
github.com/oliverandrich/den/soft_delete.go:31.16,33.3 1 0
github.com/oliverandrich/den/soft_delete.go:35.2,37.60 2 1
github.com/oliverandrich/den/soft_delete.go:37.60,39.3 1 0
github.com/oliverandrich/den/soft_delete.go:40.2,41.12 2 1
github.com/oliverandrich/den/soft_delete.go:44.81,46.18 2 1
github.com/oliverandrich/den/soft_delete.go:46.18,48.3 1 0
github.com/oliverandrich/den/soft_delete.go:49.2,50.14 2 1
github.com/oliverandrich/den/soft_delete.go:50.14,52.3 1 0
github.com/oliverandrich/den/soft_delete.go:52.8,54.3 1 1
github.com/oliverandrich/den/track.go:18.44,19.43 1 1
github.com/oliverandrich/den/track.go:19.43,23.3 3 1
github.com/oliverandrich/den/track.go:28.53,30.32 2 1
github.com/oliverandrich/den/track.go:30.32,32.3 1 1
github.com/oliverandrich/den/track.go:34.2,35.16 2 1
github.com/oliverandrich/den/track.go:35.16,37.3 1 0
github.com/oliverandrich/den/track.go:39.2,39.49 1 1
github.com/oliverandrich/den/track.go:45.72,47.32 2 1
github.com/oliverandrich/den/track.go:47.32,49.3 1 0
github.com/oliverandrich/den/track.go:51.2,52.57 2 1
github.com/oliverandrich/den/track.go:52.57,54.3 1 0
github.com/oliverandrich/den/track.go:57.2,58.58 2 1
github.com/oliverandrich/den/track.go:58.58,60.3 1 0
github.com/oliverandrich/den/track.go:62.2,63.32 2 1
github.com/oliverandrich/den/track.go:63.32,65.44 2 1
github.com/oliverandrich/den/track.go:65.44,67.4 1 1
github.com/oliverandrich/den/track.go:69.2,69.28 1 1
github.com/oliverandrich/den/track.go:69.28,70.42 1 1
github.com/oliverandrich/den/track.go:70.42,72.4 1 0
github.com/oliverandrich/den/track.go:75.2,75.23 1 1
github.com/oliverandrich/den/track.go:75.23,77.3 1 0
github.com/oliverandrich/den/track.go:78.2,78.21 1 1
github.com/oliverandrich/den/track.go:82.60,84.16 2 1
github.com/oliverandrich/den/track.go:84.16,86.3 1 0
github.com/oliverandrich/den/track.go:87.2,87.43 1 1
github.com/oliverandrich/den/track.go:87.43,89.3 1 0
github.com/oliverandrich/den/track.go:90.2,90.12 1 1
github.com/oliverandrich/den/track.go:95.44,97.32 2 1
github.com/oliverandrich/den/track.go:97.32,99.3 1 1
github.com/oliverandrich/den/track.go:101.2,101.37 1 1
github.com/oliverandrich/den/tx.go:18.81,20.16 2 1
github.com/oliverandrich/den/tx.go:20.16,22.3 1 0
github.com/oliverandrich/den/tx.go:24.2,26.15 2 1
github.com/oliverandrich/den/tx.go:26.15,27.31 1 1
github.com/oliverandrich/den/tx.go:27.31,29.12 2 0
github.com/oliverandrich/den/tx.go:33.2,33.31 1 1
github.com/oliverandrich/den/tx.go:33.31,34.44 1 1
github.com/oliverandrich/den/tx.go:34.44,36.4 1 0
github.com/oliverandrich/den/tx.go:37.3,37.13 1 1
github.com/oliverandrich/den/tx.go:40.2,40.37 1 1
github.com/oliverandrich/den/tx.go:40.37,42.3 1 0
github.com/oliverandrich/den/tx.go:43.2,43.12 1 1
github.com/oliverandrich/den/tx.go:47.55,49.16 2 1
github.com/oliverandrich/den/tx.go:49.16,51.3 1 0
github.com/oliverandrich/den/tx.go:53.2,54.16 2 1
github.com/oliverandrich/den/tx.go:54.16,56.3 1 0
github.com/oliverandrich/den/tx.go:58.2,59.51 2 1
github.com/oliverandrich/den/tx.go:59.51,61.3 1 0
github.com/oliverandrich/den/tx.go:62.2,64.20 2 1
github.com/oliverandrich/den/tx.go:68.69,70.2 1 1
github.com/oliverandrich/den/tx.go:73.69,75.2 1 1
github.com/oliverandrich/den/tx.go:78.69,80.2 1 1
github.com/oliverandrich/den/tx.go:83.59,85.2 1 0
github.com/oliverandrich/den/tx.go:88.62,90.2 1 0
github.com/oliverandrich/den/dentest/dentest.go:16.27,18.15 2 0
github.com/oliverandrich/den/dentest/dentest.go:18.15,20.3 1 0
github.com/oliverandrich/den/dentest/dentest.go:21.2,21.12 1 0
github.com/oliverandrich/den/dentest/dentest.go:27.51,29.2 1 0
github.com/oliverandrich/den/dentest/dentest.go:32.78,34.2 1 0
github.com/oliverandrich/den/dentest/dentest.go:37.73,42.16 4 0
github.com/oliverandrich/den/dentest/dentest.go:42.16,44.3 1 0
github.com/oliverandrich/den/dentest/dentest.go:46.2,47.16 2 0
github.com/oliverandrich/den/dentest/dentest.go:47.16,50.3 2 0
github.com/oliverandrich/den/dentest/dentest.go:52.2,52.20 1 0
github.com/oliverandrich/den/dentest/dentest.go:52.20,53.74 1 0
github.com/oliverandrich/den/dentest/dentest.go:53.74,56.4 2 0
github.com/oliverandrich/den/dentest/dentest.go:59.2,59.19 1 0
github.com/oliverandrich/den/dentest/dentest.go:59.19,59.37 1 0
github.com/oliverandrich/den/dentest/dentest.go:60.2,60.11 1 0
github.com/oliverandrich/den/dentest/dentest.go:65.100,69.16 3 0
github.com/oliverandrich/den/dentest/dentest.go:69.16,71.3 1 0
github.com/oliverandrich/den/dentest/dentest.go:73.2,74.16 2 0
github.com/oliverandrich/den/dentest/dentest.go:74.16,77.3 2 0
github.com/oliverandrich/den/dentest/dentest.go:79.2,79.20 1 0
github.com/oliverandrich/den/dentest/dentest.go:79.20,80.74 1 0
github.com/oliverandrich/den/dentest/dentest.go:80.74,83.4 2 0
github.com/oliverandrich/den/dentest/dentest.go:86.2,86.19 1 0
github.com/oliverandrich/den/dentest/dentest.go:86.19,88.44 2 0
github.com/oliverandrich/den/dentest/dentest.go:88.44,90.4 1 0
github.com/oliverandrich/den/dentest/dentest.go:91.3,91.17 1 0
github.com/oliverandrich/den/dentest/dentest.go:93.2,93.11 1 0
